mode: set
github.com/aws/amazon-vpc-cni-k8s/pkg/awsutils/awsutils.go:304.52,305.41 1 0
github.com/aws/amazon-vpc-cni-k8s/pkg/awsutils/awsutils.go:305.41,306.54 1 0
github.com/aws/amazon-vpc-cni-k8s/pkg/awsutils/awsutils.go:306.54,308.4 1 0
github.com/aws/amazon-vpc-cni-k8s/pkg/awsutils/awsutils.go:310.2,310.11 1 0
github.com/aws/amazon-vpc-cni-k8s/pkg/awsutils/awsutils.go:314.52,315.41 1 0
github.com/aws/amazon-vpc-cni-k8s/pkg/awsutils/awsutils.go:315.41,316.30 1 0
github.com/aws/amazon-vpc-cni-k8s/pkg/awsutils/awsutils.go:316.30,318.4 1 0
github.com/aws/amazon-vpc-cni-k8s/pkg/awsutils/awsutils.go:320.2,320.11 1 0
github.com/aws/amazon-vpc-cni-k8s/pkg/awsutils/awsutils.go:337.39,339.2 1 1
github.com/aws/amazon-vpc-cni-k8s/pkg/awsutils/awsutils.go:348.44,353.2 3 0
github.com/aws/amazon-vpc-cni-k8s/pkg/awsutils/awsutils.go:356.42,360.2 3 0
github.com/aws/amazon-vpc-cni-k8s/pkg/awsutils/awsutils.go:363.62,370.2 5 0
github.com/aws/amazon-vpc-cni-k8s/pkg/awsutils/awsutils.go:373.44,377.2 3 0
github.com/aws/amazon-vpc-cni-k8s/pkg/awsutils/awsutils.go:383.37,384.16 1 1
github.com/aws/amazon-vpc-cni-k8s/pkg/awsutils/awsutils.go:384.16,386.3 1 1
github.com/aws/amazon-vpc-cni-k8s/pkg/awsutils/awsutils.go:387.2,387.41 1 1
github.com/aws/amazon-vpc-cni-k8s/pkg/awsutils/awsutils.go:387.41,389.3 1 0
github.com/aws/amazon-vpc-cni-k8s/pkg/awsutils/awsutils.go:390.2,390.11 1 1
github.com/aws/amazon-vpc-cni-k8s/pkg/awsutils/awsutils.go:393.97,400.16 5 0
github.com/aws/amazon-vpc-cni-k8s/pkg/awsutils/awsutils.go:400.16,402.3 1 0
github.com/aws/amazon-vpc-cni-k8s/pkg/awsutils/awsutils.go:404.2,406.16 3 0
github.com/aws/amazon-vpc-cni-k8s/pkg/awsutils/awsutils.go:406.16,408.3 1 0
github.com/aws/amazon-vpc-cni-k8s/pkg/awsutils/awsutils.go:410.2,410.27 1 0
github.com/aws/amazon-vpc-cni-k8s/pkg/awsutils/awsutils.go:414.159,416.16 2 0
github.com/aws/amazon-vpc-cni-k8s/pkg/awsutils/awsutils.go:416.16,418.3 1 0
github.com/aws/amazon-vpc-cni-k8s/pkg/awsutils/awsutils.go:419.2,426.16 7 0
github.com/aws/amazon-vpc-cni-k8s/pkg/awsutils/awsutils.go:426.16,429.3 2 0
github.com/aws/amazon-vpc-cni-k8s/pkg/awsutils/awsutils.go:430.2,440.16 10 0
github.com/aws/amazon-vpc-cni-k8s/pkg/awsutils/awsutils.go:440.16,442.3 1 0
github.com/aws/amazon-vpc-cni-k8s/pkg/awsutils/awsutils.go:443.2,446.16 4 0
github.com/aws/amazon-vpc-cni-k8s/pkg/awsutils/awsutils.go:446.16,448.3 1 0
github.com/aws/amazon-vpc-cni-k8s/pkg/awsutils/awsutils.go:451.2,451.30 1 0
github.com/aws/amazon-vpc-cni-k8s/pkg/awsutils/awsutils.go:451.30,452.26 1 0
github.com/aws/amazon-vpc-cni-k8s/pkg/awsutils/awsutils.go:452.26,452.58 1 0
github.com/aws/amazon-vpc-cni-k8s/pkg/awsutils/awsutils.go:454.2,454.19 1 0
github.com/aws/amazon-vpc-cni-k8s/pkg/awsutils/awsutils.go:457.96,460.2 2 0
github.com/aws/amazon-vpc-cni-k8s/pkg/awsutils/awsutils.go:463.87,467.16 3 0
github.com/aws/amazon-vpc-cni-k8s/pkg/awsutils/awsutils.go:467.16,470.3 2 0
github.com/aws/amazon-vpc-cni-k8s/pkg/awsutils/awsutils.go:471.2,475.16 3 0
github.com/aws/amazon-vpc-cni-k8s/pkg/awsutils/awsutils.go:475.16,478.3 2 0
github.com/aws/amazon-vpc-cni-k8s/pkg/awsutils/awsutils.go:479.2,483.16 3 0
github.com/aws/amazon-vpc-cni-k8s/pkg/awsutils/awsutils.go:483.16,486.3 2 0
github.com/aws/amazon-vpc-cni-k8s/pkg/awsutils/awsutils.go:487.2,491.16 3 0
github.com/aws/amazon-vpc-cni-k8s/pkg/awsutils/awsutils.go:491.16,494.3 2 0
github.com/aws/amazon-vpc-cni-k8s/pkg/awsutils/awsutils.go:495.2,499.16 3 0
github.com/aws/amazon-vpc-cni-k8s/pkg/awsutils/awsutils.go:499.16,502.3 2 0
github.com/aws/amazon-vpc-cni-k8s/pkg/awsutils/awsutils.go:503.2,507.16 4 0
github.com/aws/amazon-vpc-cni-k8s/pkg/awsutils/awsutils.go:507.16,510.3 2 0
github.com/aws/amazon-vpc-cni-k8s/pkg/awsutils/awsutils.go:511.2,515.16 3 0
github.com/aws/amazon-vpc-cni-k8s/pkg/awsutils/awsutils.go:515.16,518.3 2 0
github.com/aws/amazon-vpc-cni-k8s/pkg/awsutils/awsutils.go:519.2,523.16 3 0
github.com/aws/amazon-vpc-cni-k8s/pkg/awsutils/awsutils.go:523.16,526.3 2 0
github.com/aws/amazon-vpc-cni-k8s/pkg/awsutils/awsutils.go:527.2,530.9 2 0
github.com/aws/amazon-vpc-cni-k8s/pkg/awsutils/awsutils.go:531.20,532.13 1 0
github.com/aws/amazon-vpc-cni-k8s/pkg/awsutils/awsutils.go:533.10,533.10 0 0
github.com/aws/amazon-vpc-cni-k8s/pkg/awsutils/awsutils.go:535.2,535.12 1 0
github.com/aws/amazon-vpc-cni-k8s/pkg/awsutils/awsutils.go:539.108,554.124 3 0
github.com/aws/amazon-vpc-cni-k8s/pkg/awsutils/awsutils.go:554.124,558.3 3 0
github.com/aws/amazon-vpc-cni-k8s/pkg/awsutils/awsutils.go:559.2,559.16 1 0
github.com/aws/amazon-vpc-cni-k8s/pkg/awsutils/awsutils.go:559.16,561.3 1 0
github.com/aws/amazon-vpc-cni-k8s/pkg/awsutils/awsutils.go:563.2,564.43 2 0
github.com/aws/amazon-vpc-cni-k8s/pkg/awsutils/awsutils.go:564.43,566.3 1 0
github.com/aws/amazon-vpc-cni-k8s/pkg/awsutils/awsutils.go:568.2,568.19 1 0
github.com/aws/amazon-vpc-cni-k8s/pkg/awsutils/awsutils.go:572.106,578.16 3 0
github.com/aws/amazon-vpc-cni-k8s/pkg/awsutils/awsutils.go:578.16,580.3 1 0
github.com/aws/amazon-vpc-cni-k8s/pkg/awsutils/awsutils.go:582.2,582.40 1 0
github.com/aws/amazon-vpc-cni-k8s/pkg/awsutils/awsutils.go:582.40,584.3 1 0
github.com/aws/amazon-vpc-cni-k8s/pkg/awsutils/awsutils.go:586.2,586.51 1 0
github.com/aws/amazon-vpc-cni-k8s/pkg/awsutils/awsutils.go:590.120,594.35 3 0
github.com/aws/amazon-vpc-cni-k8s/pkg/awsutils/awsutils.go:594.35,595.46 1 0
github.com/aws/amazon-vpc-cni-k8s/pkg/awsutils/awsutils.go:595.46,597.49 1 0
github.com/aws/amazon-vpc-cni-k8s/pkg/awsutils/awsutils.go:597.49,598.13 1 0
github.com/aws/amazon-vpc-cni-k8s/pkg/awsutils/awsutils.go:601.4,604.49 2 0
github.com/aws/amazon-vpc-cni-k8s/pkg/awsutils/awsutils.go:604.49,605.13 1 0
github.com/aws/amazon-vpc-cni-k8s/pkg/awsutils/awsutils.go:608.4,608.34 1 0
github.com/aws/amazon-vpc-cni-k8s/pkg/awsutils/awsutils.go:613.2,617.34 4 0
github.com/aws/amazon-vpc-cni-k8s/pkg/awsutils/awsutils.go:621.138,622.31 1 0
github.com/aws/amazon-vpc-cni-k8s/pkg/awsutils/awsutils.go:622.31,634.17 7 0
github.com/aws/amazon-vpc-cni-k8s/pkg/awsutils/awsutils.go:634.17,635.36 1 0
github.com/aws/amazon-vpc-cni-k8s/pkg/awsutils/awsutils.go:635.36,636.72 1 0
github.com/aws/amazon-vpc-cni-k8s/pkg/awsutils/awsutils.go:636.72,638.6 1 0
github.com/aws/amazon-vpc-cni-k8s/pkg/awsutils/awsutils.go:640.4,643.87 4 0
github.com/aws/amazon-vpc-cni-k8s/pkg/awsutils/awsutils.go:649.133,656.43 6 0
github.com/aws/amazon-vpc-cni-k8s/pkg/awsutils/awsutils.go:656.43,659.3 2 0
github.com/aws/amazon-vpc-cni-k8s/pkg/awsutils/awsutils.go:661.2,662.45 2 0
github.com/aws/amazon-vpc-cni-k8s/pkg/awsutils/awsutils.go:662.45,665.3 2 0
github.com/aws/amazon-vpc-cni-k8s/pkg/awsutils/awsutils.go:667.2,667.33 1 0
github.com/aws/amazon-vpc-cni-k8s/pkg/awsutils/awsutils.go:671.123,673.16 2 0
github.com/aws/amazon-vpc-cni-k8s/pkg/awsutils/awsutils.go:673.16,676.65 3 0
github.com/aws/amazon-vpc-cni-k8s/pkg/awsutils/awsutils.go:676.65,679.4 1 0
github.com/aws/amazon-vpc-cni-k8s/pkg/awsutils/awsutils.go:680.3,680.13 1 0
github.com/aws/amazon-vpc-cni-k8s/pkg/awsutils/awsutils.go:684.2,684.21 1 0
github.com/aws/amazon-vpc-cni-k8s/pkg/awsutils/awsutils.go:684.21,694.3 4 0
github.com/aws/amazon-vpc-cni-k8s/pkg/awsutils/awsutils.go:696.2,700.42 3 0
github.com/aws/amazon-vpc-cni-k8s/pkg/awsutils/awsutils.go:700.42,702.42 2 0
github.com/aws/amazon-vpc-cni-k8s/pkg/awsutils/awsutils.go:702.42,704.4 1 0
github.com/aws/amazon-vpc-cni-k8s/pkg/awsutils/awsutils.go:705.3,705.64 1 0
github.com/aws/amazon-vpc-cni-k8s/pkg/awsutils/awsutils.go:708.2,708.12 1 0
github.com/aws/amazon-vpc-cni-k8s/pkg/awsutils/awsutils.go:712.135,716.26 3 0
github.com/aws/amazon-vpc-cni-k8s/pkg/awsutils/awsutils.go:716.26,718.3 1 0
github.com/aws/amazon-vpc-cni-k8s/pkg/awsutils/awsutils.go:720.2,721.41 2 0
github.com/aws/amazon-vpc-cni-k8s/pkg/awsutils/awsutils.go:721.41,723.3 1 0
github.com/aws/amazon-vpc-cni-k8s/pkg/awsutils/awsutils.go:725.2,725.97 1 0
github.com/aws/amazon-vpc-cni-k8s/pkg/awsutils/awsutils.go:729.129,731.16 2 0
github.com/aws/amazon-vpc-cni-k8s/pkg/awsutils/awsutils.go:731.16,734.3 2 0
github.com/aws/amazon-vpc-cni-k8s/pkg/awsutils/awsutils.go:736.2,739.74 3 0
github.com/aws/amazon-vpc-cni-k8s/pkg/awsutils/awsutils.go:739.74,743.31 2 0
github.com/aws/amazon-vpc-cni-k8s/pkg/awsutils/awsutils.go:743.31,744.43 1 0
github.com/aws/amazon-vpc-cni-k8s/pkg/awsutils/awsutils.go:744.43,747.45 2 0
github.com/aws/amazon-vpc-cni-k8s/pkg/awsutils/awsutils.go:747.45,749.41 1 0
github.com/aws/amazon-vpc-cni-k8s/pkg/awsutils/awsutils.go:749.41,751.7 1 0
github.com/aws/amazon-vpc-cni-k8s/pkg/awsutils/awsutils.go:754.9,756.43 1 0
github.com/aws/amazon-vpc-cni-k8s/pkg/awsutils/awsutils.go:756.43,758.38 2 0
github.com/aws/amazon-vpc-cni-k8s/pkg/awsutils/awsutils.go:758.38,760.6 1 0
github.com/aws/amazon-vpc-cni-k8s/pkg/awsutils/awsutils.go:763.4,766.38 4 0
github.com/aws/amazon-vpc-cni-k8s/pkg/awsutils/awsutils.go:770.3,770.64 1 0
github.com/aws/amazon-vpc-cni-k8s/pkg/awsutils/awsutils.go:772.2,772.12 1 0
github.com/aws/amazon-vpc-cni-k8s/pkg/awsutils/awsutils.go:776.93,781.16 3 0
github.com/aws/amazon-vpc-cni-k8s/pkg/awsutils/awsutils.go:781.16,784.3 2 0
github.com/aws/amazon-vpc-cni-k8s/pkg/awsutils/awsutils.go:785.2,789.27 3 0
github.com/aws/amazon-vpc-cni-k8s/pkg/awsutils/awsutils.go:789.27,791.17 2 0
github.com/aws/amazon-vpc-cni-k8s/pkg/awsutils/awsutils.go:791.17,793.4 1 0
github.com/aws/amazon-vpc-cni-k8s/pkg/awsutils/awsutils.go:795.2,795.18 1 0
github.com/aws/amazon-vpc-cni-k8s/pkg/awsutils/awsutils.go:798.91,806.16 6 0
github.com/aws/amazon-vpc-cni-k8s/pkg/awsutils/awsutils.go:806.16,809.3 2 0
github.com/aws/amazon-vpc-cni-k8s/pkg/awsutils/awsutils.go:811.2,812.16 2 0
github.com/aws/amazon-vpc-cni-k8s/pkg/awsutils/awsutils.go:812.16,815.3 2 0
github.com/aws/amazon-vpc-cni-k8s/pkg/awsutils/awsutils.go:817.2,818.16 2 0
github.com/aws/amazon-vpc-cni-k8s/pkg/awsutils/awsutils.go:818.16,821.3 2 0
github.com/aws/amazon-vpc-cni-k8s/pkg/awsutils/awsutils.go:822.2,822.44 1 0
github.com/aws/amazon-vpc-cni-k8s/pkg/awsutils/awsutils.go:822.44,826.3 2 0
github.com/aws/amazon-vpc-cni-k8s/pkg/awsutils/awsutils.go:828.2,832.16 3 0
github.com/aws/amazon-vpc-cni-k8s/pkg/awsutils/awsutils.go:832.16,835.3 2 0
github.com/aws/amazon-vpc-cni-k8s/pkg/awsutils/awsutils.go:836.2,840.38 4 0
github.com/aws/amazon-vpc-cni-k8s/pkg/awsutils/awsutils.go:840.38,841.29 1 0
github.com/aws/amazon-vpc-cni-k8s/pkg/awsutils/awsutils.go:841.29,843.18 2 0
github.com/aws/amazon-vpc-cni-k8s/pkg/awsutils/awsutils.go:843.18,846.5 2 0
github.com/aws/amazon-vpc-cni-k8s/pkg/awsutils/awsutils.go:847.4,847.26 1 0
github.com/aws/amazon-vpc-cni-k8s/pkg/awsutils/awsutils.go:847.26,850.5 2 0
github.com/aws/amazon-vpc-cni-k8s/pkg/awsutils/awsutils.go:852.3,852.23 1 0
github.com/aws/amazon-vpc-cni-k8s/pkg/awsutils/awsutils.go:852.23,854.18 2 0
github.com/aws/amazon-vpc-cni-k8s/pkg/awsutils/awsutils.go:854.18,856.5 1 0
github.com/aws/amazon-vpc-cni-k8s/pkg/awsutils/awsutils.go:856.10,856.33 1 0
github.com/aws/amazon-vpc-cni-k8s/pkg/awsutils/awsutils.go:856.33,859.5 2 0
github.com/aws/amazon-vpc-cni-k8s/pkg/awsutils/awsutils.go:861.3,861.30 1 0
github.com/aws/amazon-vpc-cni-k8s/pkg/awsutils/awsutils.go:861.30,863.18 2 0
github.com/aws/amazon-vpc-cni-k8s/pkg/awsutils/awsutils.go:863.18,867.5 3 0
github.com/aws/amazon-vpc-cni-k8s/pkg/awsutils/awsutils.go:871.2,872.16 2 0
github.com/aws/amazon-vpc-cni-k8s/pkg/awsutils/awsutils.go:872.16,875.3 2 0
github.com/aws/amazon-vpc-cni-k8s/pkg/awsutils/awsutils.go:877.2,877.38 1 0
github.com/aws/amazon-vpc-cni-k8s/pkg/awsutils/awsutils.go:877.38,891.3 1 0
github.com/aws/amazon-vpc-cni-k8s/pkg/awsutils/awsutils.go:894.2,896.19 3 0
github.com/aws/amazon-vpc-cni-k8s/pkg/awsutils/awsutils.go:896.19,898.17 2 0
github.com/aws/amazon-vpc-cni-k8s/pkg/awsutils/awsutils.go:898.17,901.4 2 0
github.com/aws/amazon-vpc-cni-k8s/pkg/awsutils/awsutils.go:903.3,906.17 3 0
github.com/aws/amazon-vpc-cni-k8s/pkg/awsutils/awsutils.go:906.17,909.4 2 0
github.com/aws/amazon-vpc-cni-k8s/pkg/awsutils/awsutils.go:911.3,912.33 2 0
github.com/aws/amazon-vpc-cni-k8s/pkg/awsutils/awsutils.go:912.33,917.4 1 0
github.com/aws/amazon-vpc-cni-k8s/pkg/awsutils/awsutils.go:920.2,922.21 3 0
github.com/aws/amazon-vpc-cni-k8s/pkg/awsutils/awsutils.go:922.21,925.17 2 0
github.com/aws/amazon-vpc-cni-k8s/pkg/awsutils/awsutils.go:925.17,928.4 2 0
github.com/aws/amazon-vpc-cni-k8s/pkg/awsutils/awsutils.go:928.9,932.63 1 0
github.com/aws/amazon-vpc-cni-k8s/pkg/awsutils/awsutils.go:932.63,934.5 1 0
github.com/aws/amazon-vpc-cni-k8s/pkg/awsutils/awsutils.go:937.3,938.17 2 0
github.com/aws/amazon-vpc-cni-k8s/pkg/awsutils/awsutils.go:938.17,940.4 1 0
github.com/aws/amazon-vpc-cni-k8s/pkg/awsutils/awsutils.go:940.9,942.34 2 0
github.com/aws/amazon-vpc-cni-k8s/pkg/awsutils/awsutils.go:942.34,946.5 1 0
github.com/aws/amazon-vpc-cni-k8s/pkg/awsutils/awsutils.go:950.2,954.21 3 0
github.com/aws/amazon-vpc-cni-k8s/pkg/awsutils/awsutils.go:954.21,956.17 2 0
github.com/aws/amazon-vpc-cni-k8s/pkg/awsutils/awsutils.go:956.17,959.4 2 0
github.com/aws/amazon-vpc-cni-k8s/pkg/awsutils/awsutils.go:960.3,960.47 1 0
github.com/aws/amazon-vpc-cni-k8s/pkg/awsutils/awsutils.go:960.47,964.4 1 0
github.com/aws/amazon-vpc-cni-k8s/pkg/awsutils/awsutils.go:965.8,965.112 1 0
github.com/aws/amazon-vpc-cni-k8s/pkg/awsutils/awsutils.go:965.112,971.17 2 0
github.com/aws/amazon-vpc-cni-k8s/pkg/awsutils/awsutils.go:971.17,974.4 2 0
github.com/aws/amazon-vpc-cni-k8s/pkg/awsutils/awsutils.go:975.3,975.47 1 0
github.com/aws/amazon-vpc-cni-k8s/pkg/awsutils/awsutils.go:975.47,979.4 1 0
github.com/aws/amazon-vpc-cni-k8s/pkg/awsutils/awsutils.go:982.2,994.8 1 0
github.com/aws/amazon-vpc-cni-k8s/pkg/awsutils/awsutils.go:998.114,1007.16 6 0
github.com/aws/amazon-vpc-cni-k8s/pkg/awsutils/awsutils.go:1007.16,1014.3 5 0
github.com/aws/amazon-vpc-cni-k8s/pkg/awsutils/awsutils.go:1016.2,1016.35 1 0
github.com/aws/amazon-vpc-cni-k8s/pkg/awsutils/awsutils.go:1016.35,1018.3 1 0
github.com/aws/amazon-vpc-cni-k8s/pkg/awsutils/awsutils.go:1020.2,1022.45 3 0
github.com/aws/amazon-vpc-cni-k8s/pkg/awsutils/awsutils.go:1022.45,1023.98 1 0
github.com/aws/amazon-vpc-cni-k8s/pkg/awsutils/awsutils.go:1023.98,1024.57 1 0
github.com/aws/amazon-vpc-cni-k8s/pkg/awsutils/awsutils.go:1024.57,1028.5 1 0
github.com/aws/amazon-vpc-cni-k8s/pkg/awsutils/awsutils.go:1028.10,1031.5 2 0
github.com/aws/amazon-vpc-cni-k8s/pkg/awsutils/awsutils.go:1035.2,1035.39 1 0
github.com/aws/amazon-vpc-cni-k8s/pkg/awsutils/awsutils.go:1035.39,1036.31 1 0
github.com/aws/amazon-vpc-cni-k8s/pkg/awsutils/awsutils.go:1036.31,1039.4 2 0
github.com/aws/amazon-vpc-cni-k8s/pkg/awsutils/awsutils.go:1041.2,1041.122 1 0
github.com/aws/amazon-vpc-cni-k8s/pkg/awsutils/awsutils.go:1046.150,1048.16 2 0
github.com/aws/amazon-vpc-cni-k8s/pkg/awsutils/awsutils.go:1048.16,1050.3 1 0
github.com/aws/amazon-vpc-cni-k8s/pkg/awsutils/awsutils.go:1052.2,1053.16 2 0
github.com/aws/amazon-vpc-cni-k8s/pkg/awsutils/awsutils.go:1053.16,1055.18 2 0
github.com/aws/amazon-vpc-cni-k8s/pkg/awsutils/awsutils.go:1055.18,1058.4 2 0
github.com/aws/amazon-vpc-cni-k8s/pkg/awsutils/awsutils.go:1059.3,1059.109 1 0
github.com/aws/amazon-vpc-cni-k8s/pkg/awsutils/awsutils.go:1063.2,1075.16 6 0
github.com/aws/amazon-vpc-cni-k8s/pkg/awsutils/awsutils.go:1075.16,1080.17 5 0
github.com/aws/amazon-vpc-cni-k8s/pkg/awsutils/awsutils.go:1080.17,1082.4 1 0
github.com/aws/amazon-vpc-cni-k8s/pkg/awsutils/awsutils.go:1083.3,1083.80 1 0
github.com/aws/amazon-vpc-cni-k8s/pkg/awsutils/awsutils.go:1086.2,1087.19 2 0
github.com/aws/amazon-vpc-cni-k8s/pkg/awsutils/awsutils.go:1091.118,1094.16 2 0
github.com/aws/amazon-vpc-cni-k8s/pkg/awsutils/awsutils.go:1094.16,1096.3 1 0
github.com/aws/amazon-vpc-cni-k8s/pkg/awsutils/awsutils.go:1098.2,1108.16 6 0
github.com/aws/amazon-vpc-cni-k8s/pkg/awsutils/awsutils.go:1108.16,1114.3 5 0
github.com/aws/amazon-vpc-cni-k8s/pkg/awsutils/awsutils.go:1115.2,1115.53 1 0
github.com/aws/amazon-vpc-cni-k8s/pkg/awsutils/awsutils.go:1122.84,1126.47 2 0
github.com/aws/amazon-vpc-cni-k8s/pkg/awsutils/awsutils.go:1126.47,1128.3 1 0
github.com/aws/amazon-vpc-cni-k8s/pkg/awsutils/awsutils.go:1129.2,1134.3 1 0
github.com/aws/amazon-vpc-cni-k8s/pkg/awsutils/awsutils.go:1137.158,1147.21 2 0
github.com/aws/amazon-vpc-cni-k8s/pkg/awsutils/awsutils.go:1147.21,1150.3 2 0
github.com/aws/amazon-vpc-cni-k8s/pkg/awsutils/awsutils.go:1152.2,1152.34 1 0
github.com/aws/amazon-vpc-cni-k8s/pkg/awsutils/awsutils.go:1152.34,1154.3 1 0
github.com/aws/amazon-vpc-cni-k8s/pkg/awsutils/awsutils.go:1154.8,1156.3 1 0
github.com/aws/amazon-vpc-cni-k8s/pkg/awsutils/awsutils.go:1158.2,1158.14 1 0
github.com/aws/amazon-vpc-cni-k8s/pkg/awsutils/awsutils.go:1162.134,1168.22 4 0
github.com/aws/amazon-vpc-cni-k8s/pkg/awsutils/awsutils.go:1168.22,1170.24 2 0
github.com/aws/amazon-vpc-cni-k8s/pkg/awsutils/awsutils.go:1170.24,1172.4 1 0
github.com/aws/amazon-vpc-cni-k8s/pkg/awsutils/awsutils.go:1175.2,1183.31 6 0
github.com/aws/amazon-vpc-cni-k8s/pkg/awsutils/awsutils.go:1183.31,1188.17 4 0
github.com/aws/amazon-vpc-cni-k8s/pkg/awsutils/awsutils.go:1188.17,1190.4 1 0
github.com/aws/amazon-vpc-cni-k8s/pkg/awsutils/awsutils.go:1191.8,1192.31 1 0
github.com/aws/amazon-vpc-cni-k8s/pkg/awsutils/awsutils.go:1192.31,1194.21 2 0
github.com/aws/amazon-vpc-cni-k8s/pkg/awsutils/awsutils.go:1194.21,1200.24 4 0
github.com/aws/amazon-vpc-cni-k8s/pkg/awsutils/awsutils.go:1200.24,1202.6 1 0
github.com/aws/amazon-vpc-cni-k8s/pkg/awsutils/awsutils.go:1202.11,1202.24 1 0
github.com/aws/amazon-vpc-cni-k8s/pkg/awsutils/awsutils.go:1202.24,1205.6 1 0
github.com/aws/amazon-vpc-cni-k8s/pkg/awsutils/awsutils.go:1207.5,1208.19 2 0
github.com/aws/amazon-vpc-cni-k8s/pkg/awsutils/awsutils.go:1208.19,1210.6 1 0
github.com/aws/amazon-vpc-cni-k8s/pkg/awsutils/awsutils.go:1211.10,1213.41 2 0
github.com/aws/amazon-vpc-cni-k8s/pkg/awsutils/awsutils.go:1213.41,1216.63 2 0
github.com/aws/amazon-vpc-cni-k8s/pkg/awsutils/awsutils.go:1216.63,1218.26 1 0
github.com/aws/amazon-vpc-cni-k8s/pkg/awsutils/awsutils.go:1218.26,1220.8 1 0
github.com/aws/amazon-vpc-cni-k8s/pkg/awsutils/awsutils.go:1221.7,1221.15 1 0
github.com/aws/amazon-vpc-cni-k8s/pkg/awsutils/awsutils.go:1223.6,1228.78 3 0
github.com/aws/amazon-vpc-cni-k8s/pkg/awsutils/awsutils.go:1228.78,1232.7 2 0
github.com/aws/amazon-vpc-cni-k8s/pkg/awsutils/awsutils.go:1232.12,1232.33 1 0
github.com/aws/amazon-vpc-cni-k8s/pkg/awsutils/awsutils.go:1232.33,1235.7 1 0
github.com/aws/amazon-vpc-cni-k8s/pkg/awsutils/awsutils.go:1236.6,1240.20 4 0
github.com/aws/amazon-vpc-cni-k8s/pkg/awsutils/awsutils.go:1240.20,1242.7 1 0
github.com/aws/amazon-vpc-cni-k8s/pkg/awsutils/awsutils.go:1246.5,1246.27 1 0
github.com/aws/amazon-vpc-cni-k8s/pkg/awsutils/awsutils.go:1246.27,1248.6 1 0
github.com/aws/amazon-vpc-cni-k8s/pkg/awsutils/awsutils.go:1250.9,1254.23 3 0
github.com/aws/amazon-vpc-cni-k8s/pkg/awsutils/awsutils.go:1254.23,1257.5 1 0
github.com/aws/amazon-vpc-cni-k8s/pkg/awsutils/awsutils.go:1257.10,1257.23 1 0
github.com/aws/amazon-vpc-cni-k8s/pkg/awsutils/awsutils.go:1257.23,1260.5 1 0
github.com/aws/amazon-vpc-cni-k8s/pkg/awsutils/awsutils.go:1262.4,1263.18 2 0
github.com/aws/amazon-vpc-cni-k8s/pkg/awsutils/awsutils.go:1263.18,1265.5 1 0
github.com/aws/amazon-vpc-cni-k8s/pkg/awsutils/awsutils.go:1268.2,1268.67 1 0
github.com/aws/amazon-vpc-cni-k8s/pkg/awsutils/awsutils.go:1271.102,1289.16 6 1
github.com/aws/amazon-vpc-cni-k8s/pkg/awsutils/awsutils.go:1289.16,1294.3 4 1
github.com/aws/amazon-vpc-cni-k8s/pkg/awsutils/awsutils.go:1297.2,1297.61 1 1
github.com/aws/amazon-vpc-cni-k8s/pkg/awsutils/awsutils.go:1297.61,1299.3 1 0
github.com/aws/amazon-vpc-cni-k8s/pkg/awsutils/awsutils.go:1301.2,1301.34 1 1
github.com/aws/amazon-vpc-cni-k8s/pkg/awsutils/awsutils.go:1308.85,1313.52 2 0
github.com/aws/amazon-vpc-cni-k8s/pkg/awsutils/awsutils.go:1313.52,1316.3 2 0
github.com/aws/amazon-vpc-cni-k8s/pkg/awsutils/awsutils.go:1319.2,1320.16 2 0
github.com/aws/amazon-vpc-cni-k8s/pkg/awsutils/awsutils.go:1320.16,1321.22 1 0
github.com/aws/amazon-vpc-cni-k8s/pkg/awsutils/awsutils.go:1321.22,1324.4 1 0
github.com/aws/amazon-vpc-cni-k8s/pkg/awsutils/awsutils.go:1324.9,1328.4 2 0
github.com/aws/amazon-vpc-cni-k8s/pkg/awsutils/awsutils.go:1332.2,1332.52 1 0
github.com/aws/amazon-vpc-cni-k8s/pkg/awsutils/awsutils.go:1332.52,1334.3 1 0
github.com/aws/amazon-vpc-cni-k8s/pkg/awsutils/awsutils.go:1337.2,1338.14 2 0
github.com/aws/amazon-vpc-cni-k8s/pkg/awsutils/awsutils.go:1344.79,1345.21 1 1
github.com/aws/amazon-vpc-cni-k8s/pkg/awsutils/awsutils.go:1345.21,1348.3 1 1
github.com/aws/amazon-vpc-cni-k8s/pkg/awsutils/awsutils.go:1350.2,1353.45 4 1
github.com/aws/amazon-vpc-cni-k8s/pkg/awsutils/awsutils.go:1353.45,1355.3 1 1
github.com/aws/amazon-vpc-cni-k8s/pkg/awsutils/awsutils.go:1356.2,1356.14 1 1
github.com/aws/amazon-vpc-cni-k8s/pkg/awsutils/awsutils.go:1360.58,1361.27 1 0
github.com/aws/amazon-vpc-cni-k8s/pkg/awsutils/awsutils.go:1361.27,1362.60 1 0
github.com/aws/amazon-vpc-cni-k8s/pkg/awsutils/awsutils.go:1362.60,1364.4 1 0
github.com/aws/amazon-vpc-cni-k8s/pkg/awsutils/awsutils.go:1366.2,1366.11 1 0
github.com/aws/amazon-vpc-cni-k8s/pkg/awsutils/awsutils.go:1370.120,1371.27 1 1
github.com/aws/amazon-vpc-cni-k8s/pkg/awsutils/awsutils.go:1371.27,1372.73 1 1
github.com/aws/amazon-vpc-cni-k8s/pkg/awsutils/awsutils.go:1372.73,1374.38 2 1
github.com/aws/amazon-vpc-cni-k8s/pkg/awsutils/awsutils.go:1374.38,1376.5 1 1
github.com/aws/amazon-vpc-cni-k8s/pkg/awsutils/awsutils.go:1379.2,1379.8 1 1
github.com/aws/amazon-vpc-cni-k8s/pkg/awsutils/awsutils.go:1382.138,1385.18 2 0
github.com/aws/amazon-vpc-cni-k8s/pkg/awsutils/awsutils.go:1385.18,1387.3 1 0
github.com/aws/amazon-vpc-cni-k8s/pkg/awsutils/awsutils.go:1387.8,1389.3 1 0
github.com/aws/amazon-vpc-cni-k8s/pkg/awsutils/awsutils.go:1390.2,1392.14 2 0
github.com/aws/amazon-vpc-cni-k8s/pkg/awsutils/awsutils.go:1395.143,1400.16 5 0
github.com/aws/amazon-vpc-cni-k8s/pkg/awsutils/awsutils.go:1400.16,1403.3 2 0
github.com/aws/amazon-vpc-cni-k8s/pkg/awsutils/awsutils.go:1404.2,1408.16 5 0
github.com/aws/amazon-vpc-cni-k8s/pkg/awsutils/awsutils.go:1412.73,1419.29 2 0
github.com/aws/amazon-vpc-cni-k8s/pkg/awsutils/awsutils.go:1419.29,1422.3 2 0
github.com/aws/amazon-vpc-cni-k8s/pkg/awsutils/awsutils.go:1423.2,1423.50 1 0
github.com/aws/amazon-vpc-cni-k8s/pkg/awsutils/awsutils.go:1423.50,1425.3 1 0
github.com/aws/amazon-vpc-cni-k8s/pkg/awsutils/awsutils.go:1426.2,1426.13 1 0
github.com/aws/amazon-vpc-cni-k8s/pkg/awsutils/awsutils.go:1429.119,1431.53 2 0
github.com/aws/amazon-vpc-cni-k8s/pkg/awsutils/awsutils.go:1431.53,1432.85 1 0
github.com/aws/amazon-vpc-cni-k8s/pkg/awsutils/awsutils.go:1432.85,1434.4 1 0
github.com/aws/amazon-vpc-cni-k8s/pkg/awsutils/awsutils.go:1436.2,1436.26 1 0
github.com/aws/amazon-vpc-cni-k8s/pkg/awsutils/awsutils.go:1436.26,1438.3 1 0
github.com/aws/amazon-vpc-cni-k8s/pkg/awsutils/awsutils.go:1440.2,1446.118 3 0
github.com/aws/amazon-vpc-cni-k8s/pkg/awsutils/awsutils.go:1446.118,1451.17 5 0
github.com/aws/amazon-vpc-cni-k8s/pkg/awsutils/awsutils.go:1451.17,1457.4 5 0
github.com/aws/amazon-vpc-cni-k8s/pkg/awsutils/awsutils.go:1458.3,1459.13 2 0
github.com/aws/amazon-vpc-cni-k8s/pkg/awsutils/awsutils.go:1463.42,1464.34 1 1
github.com/aws/amazon-vpc-cni-k8s/pkg/awsutils/awsutils.go:1464.34,1466.3 1 0
github.com/aws/amazon-vpc-cni-k8s/pkg/awsutils/awsutils.go:1469.43,1470.34 1 0
github.com/aws/amazon-vpc-cni-k8s/pkg/awsutils/awsutils.go:1470.34,1472.3 1 0
github.com/aws/amazon-vpc-cni-k8s/pkg/awsutils/awsutils.go:1476.91,1478.2 1 0
github.com/aws/amazon-vpc-cni-k8s/pkg/awsutils/awsutils.go:1480.159,1485.16 3 0
github.com/aws/amazon-vpc-cni-k8s/pkg/awsutils/awsutils.go:1485.16,1486.28 1 0
github.com/aws/amazon-vpc-cni-k8s/pkg/awsutils/awsutils.go:1486.28,1489.4 2 0
github.com/aws/amazon-vpc-cni-k8s/pkg/awsutils/awsutils.go:1490.3,1492.36 3 0
github.com/aws/amazon-vpc-cni-k8s/pkg/awsutils/awsutils.go:1494.2,1501.135 3 0
github.com/aws/amazon-vpc-cni-k8s/pkg/awsutils/awsutils.go:1501.135,1506.20 5 0
github.com/aws/amazon-vpc-cni-k8s/pkg/awsutils/awsutils.go:1506.20,1512.4 5 0
github.com/aws/amazon-vpc-cni-k8s/pkg/awsutils/awsutils.go:1513.3,1514.13 2 0
github.com/aws/amazon-vpc-cni-k8s/pkg/awsutils/awsutils.go:1516.2,1516.16 1 0
github.com/aws/amazon-vpc-cni-k8s/pkg/awsutils/awsutils.go:1516.16,1519.3 2 0
github.com/aws/amazon-vpc-cni-k8s/pkg/awsutils/awsutils.go:1522.2,1524.16 3 0
github.com/aws/amazon-vpc-cni-k8s/pkg/awsutils/awsutils.go:1524.16,1527.3 2 0
github.com/aws/amazon-vpc-cni-k8s/pkg/awsutils/awsutils.go:1529.2,1530.12 2 0
github.com/aws/amazon-vpc-cni-k8s/pkg/awsutils/awsutils.go:1534.111,1543.16 8 0
github.com/aws/amazon-vpc-cni-k8s/pkg/awsutils/awsutils.go:1543.16,1544.35 1 0
github.com/aws/amazon-vpc-cni-k8s/pkg/awsutils/awsutils.go:1544.35,1545.71 1 0
github.com/aws/amazon-vpc-cni-k8s/pkg/awsutils/awsutils.go:1545.71,1547.5 1 0
github.com/aws/amazon-vpc-cni-k8s/pkg/awsutils/awsutils.go:1549.3,1553.71 5 0
github.com/aws/amazon-vpc-cni-k8s/pkg/awsutils/awsutils.go:1556.2,1556.40 1 0
github.com/aws/amazon-vpc-cni-k8s/pkg/awsutils/awsutils.go:1556.40,1558.3 1 0
github.com/aws/amazon-vpc-cni-k8s/pkg/awsutils/awsutils.go:1559.2,1565.31 3 0
github.com/aws/amazon-vpc-cni-k8s/pkg/awsutils/awsutils.go:1565.31,1567.3 1 0
github.com/aws/amazon-vpc-cni-k8s/pkg/awsutils/awsutils.go:1568.2,1568.22 1 0
github.com/aws/amazon-vpc-cni-k8s/pkg/awsutils/awsutils.go:1571.124,1576.136 3 0
github.com/aws/amazon-vpc-cni-k8s/pkg/awsutils/awsutils.go:1576.136,1581.20 5 0
github.com/aws/amazon-vpc-cni-k8s/pkg/awsutils/awsutils.go:1581.20,1582.39 1 0
github.com/aws/amazon-vpc-cni-k8s/pkg/awsutils/awsutils.go:1582.39,1584.72 1 0
github.com/aws/amazon-vpc-cni-k8s/pkg/awsutils/awsutils.go:1584.72,1587.6 2 0
github.com/aws/amazon-vpc-cni-k8s/pkg/awsutils/awsutils.go:1589.4,1593.55 5 0
github.com/aws/amazon-vpc-cni-k8s/pkg/awsutils/awsutils.go:1595.3,1596.13 2 0
github.com/aws/amazon-vpc-cni-k8s/pkg/awsutils/awsutils.go:1598.2,1598.12 1 0
github.com/aws/amazon-vpc-cni-k8s/pkg/awsutils/awsutils.go:1602.157,1611.16 8 0
github.com/aws/amazon-vpc-cni-k8s/pkg/awsutils/awsutils.go:1611.16,1612.35 1 0
github.com/aws/amazon-vpc-cni-k8s/pkg/awsutils/awsutils.go:1612.35,1613.71 1 0
github.com/aws/amazon-vpc-cni-k8s/pkg/awsutils/awsutils.go:1613.71,1615.5 1 0
github.com/aws/amazon-vpc-cni-k8s/pkg/awsutils/awsutils.go:1617.3,1621.71 5 0
github.com/aws/amazon-vpc-cni-k8s/pkg/awsutils/awsutils.go:1625.2,1625.40 1 0
github.com/aws/amazon-vpc-cni-k8s/pkg/awsutils/awsutils.go:1625.40,1627.3 1 0
github.com/aws/amazon-vpc-cni-k8s/pkg/awsutils/awsutils.go:1628.2,1630.40 2 0
github.com/aws/amazon-vpc-cni-k8s/pkg/awsutils/awsutils.go:1634.155,1642.16 7 0
github.com/aws/amazon-vpc-cni-k8s/pkg/awsutils/awsutils.go:1642.16,1643.35 1 0
github.com/aws/amazon-vpc-cni-k8s/pkg/awsutils/awsutils.go:1643.35,1644.71 1 0
github.com/aws/amazon-vpc-cni-k8s/pkg/awsutils/awsutils.go:1644.71,1646.5 1 0
github.com/aws/amazon-vpc-cni-k8s/pkg/awsutils/awsutils.go:1648.3,1652.71 5 0
github.com/aws/amazon-vpc-cni-k8s/pkg/awsutils/awsutils.go:1656.2,1656.40 1 0
github.com/aws/amazon-vpc-cni-k8s/pkg/awsutils/awsutils.go:1656.40,1658.3 1 0
github.com/aws/amazon-vpc-cni-k8s/pkg/awsutils/awsutils.go:1659.2,1661.38 2 0
github.com/aws/amazon-vpc-cni-k8s/pkg/awsutils/awsutils.go:1665.155,1673.16 7 0
github.com/aws/amazon-vpc-cni-k8s/pkg/awsutils/awsutils.go:1673.16,1674.35 1 0
github.com/aws/amazon-vpc-cni-k8s/pkg/awsutils/awsutils.go:1674.35,1675.71 1 0
github.com/aws/amazon-vpc-cni-k8s/pkg/awsutils/awsutils.go:1675.71,1677.5 1 0
github.com/aws/amazon-vpc-cni-k8s/pkg/awsutils/awsutils.go:1679.3,1683.71 5 0
github.com/aws/amazon-vpc-cni-k8s/pkg/awsutils/awsutils.go:1686.2,1686.40 1 0
github.com/aws/amazon-vpc-cni-k8s/pkg/awsutils/awsutils.go:1686.40,1688.3 1 0
github.com/aws/amazon-vpc-cni-k8s/pkg/awsutils/awsutils.go:1689.2,1691.38 2 0
github.com/aws/amazon-vpc-cni-k8s/pkg/awsutils/awsutils.go:1695.108,1699.16 2 0
github.com/aws/amazon-vpc-cni-k8s/pkg/awsutils/awsutils.go:1699.16,1701.3 1 0
github.com/aws/amazon-vpc-cni-k8s/pkg/awsutils/awsutils.go:1702.2,1707.30 5 0
github.com/aws/amazon-vpc-cni-k8s/pkg/awsutils/awsutils.go:1707.30,1710.3 2 0
github.com/aws/amazon-vpc-cni-k8s/pkg/awsutils/awsutils.go:1713.2,1713.69 1 0
github.com/aws/amazon-vpc-cni-k8s/pkg/awsutils/awsutils.go:1713.69,1717.38 2 0
github.com/aws/amazon-vpc-cni-k8s/pkg/awsutils/awsutils.go:1717.38,1719.4 1 0
github.com/aws/amazon-vpc-cni-k8s/pkg/awsutils/awsutils.go:1722.3,1729.9 1 0
github.com/aws/amazon-vpc-cni-k8s/pkg/awsutils/awsutils.go:1732.2,1734.89 2 0
github.com/aws/amazon-vpc-cni-k8s/pkg/awsutils/awsutils.go:1734.89,1740.17 6 0
github.com/aws/amazon-vpc-cni-k8s/pkg/awsutils/awsutils.go:1740.17,1742.9 1 0
github.com/aws/amazon-vpc-cni-k8s/pkg/awsutils/awsutils.go:1744.3,1748.35 5 0
github.com/aws/amazon-vpc-cni-k8s/pkg/awsutils/awsutils.go:1748.35,1750.71 2 0
github.com/aws/amazon-vpc-cni-k8s/pkg/awsutils/awsutils.go:1750.71,1758.34 6 0
github.com/aws/amazon-vpc-cni-k8s/pkg/awsutils/awsutils.go:1758.34,1759.27 1 0
github.com/aws/amazon-vpc-cni-k8s/pkg/awsutils/awsutils.go:1759.27,1761.7 1 0
github.com/aws/amazon-vpc-cni-k8s/pkg/awsutils/awsutils.go:1763.5,1764.13 2 0
github.com/aws/amazon-vpc-cni-k8s/pkg/awsutils/awsutils.go:1768.3,1768.62 1 0
github.com/aws/amazon-vpc-cni-k8s/pkg/awsutils/awsutils.go:1771.2,1771.16 1 0
github.com/aws/amazon-vpc-cni-k8s/pkg/awsutils/awsutils.go:1771.16,1773.3 1 0
github.com/aws/amazon-vpc-cni-k8s/pkg/awsutils/awsutils.go:1776.2,1777.37 2 0
github.com/aws/amazon-vpc-cni-k8s/pkg/awsutils/awsutils.go:1777.37,1779.3 1 0
github.com/aws/amazon-vpc-cni-k8s/pkg/awsutils/awsutils.go:1782.2,1786.55 4 0
github.com/aws/amazon-vpc-cni-k8s/pkg/awsutils/awsutils.go:1786.55,1790.24 3 0
github.com/aws/amazon-vpc-cni-k8s/pkg/awsutils/awsutils.go:1790.24,1792.144 2 0
github.com/aws/amazon-vpc-cni-k8s/pkg/awsutils/awsutils.go:1792.144,1794.5 1 0
github.com/aws/amazon-vpc-cni-k8s/pkg/awsutils/awsutils.go:1795.4,1797.42 2 0
github.com/aws/amazon-vpc-cni-k8s/pkg/awsutils/awsutils.go:1797.42,1799.5 1 0
github.com/aws/amazon-vpc-cni-k8s/pkg/awsutils/awsutils.go:1800.9,1802.4 1 0
github.com/aws/amazon-vpc-cni-k8s/pkg/awsutils/awsutils.go:1804.3,1809.31 4 0
github.com/aws/amazon-vpc-cni-k8s/pkg/awsutils/awsutils.go:1809.31,1811.4 1 0
github.com/aws/amazon-vpc-cni-k8s/pkg/awsutils/awsutils.go:1813.3,1813.29 1 0
github.com/aws/amazon-vpc-cni-k8s/pkg/awsutils/awsutils.go:1813.29,1815.4 1 0
github.com/aws/amazon-vpc-cni-k8s/pkg/awsutils/awsutils.go:1817.3,1817.34 1 0
github.com/aws/amazon-vpc-cni-k8s/pkg/awsutils/awsutils.go:1817.34,1818.82 1 0
github.com/aws/amazon-vpc-cni-k8s/pkg/awsutils/awsutils.go:1818.82,1822.5 3 0
github.com/aws/amazon-vpc-cni-k8s/pkg/awsutils/awsutils.go:1826.3,1826.41 1 0
github.com/aws/amazon-vpc-cni-k8s/pkg/awsutils/awsutils.go:1826.41,1828.4 1 0
github.com/aws/amazon-vpc-cni-k8s/pkg/awsutils/awsutils.go:1829.3,1829.66 1 0
github.com/aws/amazon-vpc-cni-k8s/pkg/awsutils/awsutils.go:1831.2,1838.8 1 0
github.com/aws/amazon-vpc-cni-k8s/pkg/awsutils/awsutils.go:1842.69,1843.23 1 0
github.com/aws/amazon-vpc-cni-k8s/pkg/awsutils/awsutils.go:1843.23,1845.3 1 0
github.com/aws/amazon-vpc-cni-k8s/pkg/awsutils/awsutils.go:1847.2,1848.56 2 0
github.com/aws/amazon-vpc-cni-k8s/pkg/awsutils/awsutils.go:1848.56,1853.3 1 0
github.com/aws/amazon-vpc-cni-k8s/pkg/awsutils/awsutils.go:1854.2,1854.16 1 0
github.com/aws/amazon-vpc-cni-k8s/pkg/awsutils/awsutils.go:1858.69,1859.23 1 0
github.com/aws/amazon-vpc-cni-k8s/pkg/awsutils/awsutils.go:1859.23,1861.3 1 0
github.com/aws/amazon-vpc-cni-k8s/pkg/awsutils/awsutils.go:1863.2,1864.33 2 0
github.com/aws/amazon-vpc-cni-k8s/pkg/awsutils/awsutils.go:1864.33,1866.3 1 0
github.com/aws/amazon-vpc-cni-k8s/pkg/awsutils/awsutils.go:1867.2,1867.16 1 0
github.com/aws/amazon-vpc-cni-k8s/pkg/awsutils/awsutils.go:1871.48,1873.32 2 0
github.com/aws/amazon-vpc-cni-k8s/pkg/awsutils/awsutils.go:1873.32,1875.3 1 0
github.com/aws/amazon-vpc-cni-k8s/pkg/awsutils/awsutils.go:1880.2,1883.16 3 0
github.com/aws/amazon-vpc-cni-k8s/pkg/awsutils/awsutils.go:1883.16,1886.3 2 0
github.com/aws/amazon-vpc-cni-k8s/pkg/awsutils/awsutils.go:1887.2,1887.37 1 0
github.com/aws/amazon-vpc-cni-k8s/pkg/awsutils/awsutils.go:1887.37,1888.50 1 0
github.com/aws/amazon-vpc-cni-k8s/pkg/awsutils/awsutils.go:1888.50,1891.4 2 0
github.com/aws/amazon-vpc-cni-k8s/pkg/awsutils/awsutils.go:1893.2,1893.26 1 0
github.com/aws/amazon-vpc-cni-k8s/pkg/awsutils/awsutils.go:1898.37,1900.36 2 0
github.com/aws/amazon-vpc-cni-k8s/pkg/awsutils/awsutils.go:1900.36,1902.3 1 0
github.com/aws/amazon-vpc-cni-k8s/pkg/awsutils/awsutils.go:1903.2,1903.17 1 0
github.com/aws/amazon-vpc-cni-k8s/pkg/awsutils/awsutils.go:1907.103,1913.37 3 0
github.com/aws/amazon-vpc-cni-k8s/pkg/awsutils/awsutils.go:1913.37,1915.35 2 0
github.com/aws/amazon-vpc-cni-k8s/pkg/awsutils/awsutils.go:1915.35,1917.4 1 0
github.com/aws/amazon-vpc-cni-k8s/pkg/awsutils/awsutils.go:1919.2,1921.39 3 0
github.com/aws/amazon-vpc-cni-k8s/pkg/awsutils/awsutils.go:1921.39,1923.38 2 0
github.com/aws/amazon-vpc-cni-k8s/pkg/awsutils/awsutils.go:1923.38,1925.4 1 0
github.com/aws/amazon-vpc-cni-k8s/pkg/awsutils/awsutils.go:1927.2,1929.26 3 0
github.com/aws/amazon-vpc-cni-k8s/pkg/awsutils/awsutils.go:1929.26,1932.3 2 0
github.com/aws/amazon-vpc-cni-k8s/pkg/awsutils/awsutils.go:1933.2,1933.25 1 0
github.com/aws/amazon-vpc-cni-k8s/pkg/awsutils/awsutils.go:1933.25,1936.3 2 0
github.com/aws/amazon-vpc-cni-k8s/pkg/awsutils/awsutils.go:1937.2,1937.39 1 0
github.com/aws/amazon-vpc-cni-k8s/pkg/awsutils/awsutils.go:1937.39,1939.3 1 0
github.com/aws/amazon-vpc-cni-k8s/pkg/awsutils/awsutils.go:1943.96,1955.16 7 0
github.com/aws/amazon-vpc-cni-k8s/pkg/awsutils/awsutils.go:1955.16,1961.3 5 0
github.com/aws/amazon-vpc-cni-k8s/pkg/awsutils/awsutils.go:1963.2,1964.12 2 0
github.com/aws/amazon-vpc-cni-k8s/pkg/awsutils/awsutils.go:1967.91,1969.8 2 0
github.com/aws/amazon-vpc-cni-k8s/pkg/awsutils/awsutils.go:1969.8,1971.3 1 0
github.com/aws/amazon-vpc-cni-k8s/pkg/awsutils/awsutils.go:1973.2,1977.50 5 0
github.com/aws/amazon-vpc-cni-k8s/pkg/awsutils/awsutils.go:1977.50,1981.3 3 0
github.com/aws/amazon-vpc-cni-k8s/pkg/awsutils/awsutils.go:1982.2,1989.26 7 0
github.com/aws/amazon-vpc-cni-k8s/pkg/awsutils/awsutils.go:1989.26,1991.3 1 0
github.com/aws/amazon-vpc-cni-k8s/pkg/awsutils/awsutils.go:1992.2,1994.50 3 0
github.com/aws/amazon-vpc-cni-k8s/pkg/awsutils/awsutils.go:1994.50,1999.3 1 0
github.com/aws/amazon-vpc-cni-k8s/pkg/awsutils/awsutils.go:2001.2,2001.57 1 0
github.com/aws/amazon-vpc-cni-k8s/pkg/awsutils/awsutils.go:2001.57,2003.3 1 0
github.com/aws/amazon-vpc-cni-k8s/pkg/awsutils/awsutils.go:2003.8,2005.3 1 0
github.com/aws/amazon-vpc-cni-k8s/pkg/awsutils/awsutils.go:2006.2,2006.12 1 0
github.com/aws/amazon-vpc-cni-k8s/pkg/awsutils/awsutils.go:2010.62,2012.16 2 0
github.com/aws/amazon-vpc-cni-k8s/pkg/awsutils/awsutils.go:2012.16,2014.3 1 0
github.com/aws/amazon-vpc-cni-k8s/pkg/awsutils/awsutils.go:2016.2,2016.22 1 0
github.com/aws/amazon-vpc-cni-k8s/pkg/awsutils/awsutils.go:2020.58,2022.16 2 0
github.com/aws/amazon-vpc-cni-k8s/pkg/awsutils/awsutils.go:2022.16,2024.3 1 0
github.com/aws/amazon-vpc-cni-k8s/pkg/awsutils/awsutils.go:2025.2,2025.17 1 0
github.com/aws/amazon-vpc-cni-k8s/pkg/awsutils/awsutils.go:2029.76,2031.16 2 0
github.com/aws/amazon-vpc-cni-k8s/pkg/awsutils/awsutils.go:2031.16,2035.3 1 0
github.com/aws/amazon-vpc-cni-k8s/pkg/awsutils/awsutils.go:2036.2,2036.21 1 0
github.com/aws/amazon-vpc-cni-k8s/pkg/awsutils/awsutils.go:2040.77,2042.16 2 0
github.com/aws/amazon-vpc-cni-k8s/pkg/awsutils/awsutils.go:2042.16,2044.3 1 0
github.com/aws/amazon-vpc-cni-k8s/pkg/awsutils/awsutils.go:2045.2,2046.19 2 0
github.com/aws/amazon-vpc-cni-k8s/pkg/awsutils/awsutils.go:2050.67,2052.16 2 0
github.com/aws/amazon-vpc-cni-k8s/pkg/awsutils/awsutils.go:2052.16,2054.3 1 0
github.com/aws/amazon-vpc-cni-k8s/pkg/awsutils/awsutils.go:2055.2,2056.20 2 0
github.com/aws/amazon-vpc-cni-k8s/pkg/awsutils/awsutils.go:2060.65,2062.2 1 0
github.com/aws/amazon-vpc-cni-k8s/pkg/awsutils/awsutils.go:2065.75,2067.83 2 0
github.com/aws/amazon-vpc-cni-k8s/pkg/awsutils/awsutils.go:2067.83,2070.3 2 0
github.com/aws/amazon-vpc-cni-k8s/pkg/awsutils/awsutils.go:2071.2,2071.14 1 0
github.com/aws/amazon-vpc-cni-k8s/pkg/awsutils/awsutils.go:2075.68,2077.9 2 0
github.com/aws/amazon-vpc-cni-k8s/pkg/awsutils/awsutils.go:2077.9,2079.3 1 0
github.com/aws/amazon-vpc-cni-k8s/pkg/awsutils/awsutils.go:2080.2,2080.34 1 0
github.com/aws/amazon-vpc-cni-k8s/pkg/awsutils/awsutils.go:2084.149,2089.23 3 0
github.com/aws/amazon-vpc-cni-k8s/pkg/awsutils/awsutils.go:2089.23,2091.3 1 0
github.com/aws/amazon-vpc-cni-k8s/pkg/awsutils/awsutils.go:2094.2,2094.17 1 0
github.com/aws/amazon-vpc-cni-k8s/pkg/awsutils/awsutils.go:2094.17,2096.3 1 0
github.com/aws/amazon-vpc-cni-k8s/pkg/awsutils/awsutils.go:2098.2,2102.34 4 0
github.com/aws/amazon-vpc-cni-k8s/pkg/awsutils/awsutils.go:2102.34,2109.3 2 0
github.com/aws/amazon-vpc-cni-k8s/pkg/awsutils/awsutils.go:2109.8,2114.3 1 0
github.com/aws/amazon-vpc-cni-k8s/pkg/awsutils/awsutils.go:2116.2,2120.16 5 0
github.com/aws/amazon-vpc-cni-k8s/pkg/awsutils/awsutils.go:2120.16,2126.3 5 0
github.com/aws/amazon-vpc-cni-k8s/pkg/awsutils/awsutils.go:2127.2,2127.19 1 0
github.com/aws/amazon-vpc-cni-k8s/pkg/awsutils/awsutils.go:2127.19,2128.35 1 0
github.com/aws/amazon-vpc-cni-k8s/pkg/awsutils/awsutils.go:2128.35,2130.4 1 0
github.com/aws/amazon-vpc-cni-k8s/pkg/awsutils/awsutils.go:2130.9,2132.4 1 0
github.com/aws/amazon-vpc-cni-k8s/pkg/awsutils/awsutils.go:2134.2,2134.20 1 0
github.com/aws/amazon-vpc-cni-k8s/pkg/awsutils/awsutils.go:2137.112,2147.16 6 0
github.com/aws/amazon-vpc-cni-k8s/pkg/awsutils/awsutils.go:2147.16,2153.3 5 0
github.com/aws/amazon-vpc-cni-k8s/pkg/awsutils/awsutils.go:2154.2,2154.19 1 0
github.com/aws/amazon-vpc-cni-k8s/pkg/awsutils/awsutils.go:2154.19,2156.3 1 0
github.com/aws/amazon-vpc-cni-k8s/pkg/awsutils/awsutils.go:2157.2,2157.58 1 0
github.com/aws/amazon-vpc-cni-k8s/pkg/awsutils/awsutils.go:2161.131,2163.2 1 0
github.com/aws/amazon-vpc-cni-k8s/pkg/awsutils/awsutils.go:2165.162,2169.135 3 0
github.com/aws/amazon-vpc-cni-k8s/pkg/awsutils/awsutils.go:2169.135,2172.17 3 0
github.com/aws/amazon-vpc-cni-k8s/pkg/awsutils/awsutils.go:2172.17,2175.4 2 0
github.com/aws/amazon-vpc-cni-k8s/pkg/awsutils/awsutils.go:2177.3,2177.36 1 0
github.com/aws/amazon-vpc-cni-k8s/pkg/awsutils/awsutils.go:2177.36,2178.32 1 0
github.com/aws/amazon-vpc-cni-k8s/pkg/awsutils/awsutils.go:2178.32,2183.37 3 0
github.com/aws/amazon-vpc-cni-k8s/pkg/awsutils/awsutils.go:2183.37,2186.25 2 0
github.com/aws/amazon-vpc-cni-k8s/pkg/awsutils/awsutils.go:2186.25,2188.7 1 0
github.com/aws/amazon-vpc-cni-k8s/pkg/awsutils/awsutils.go:2189.11,2193.6 1 0
github.com/aws/amazon-vpc-cni-k8s/pkg/awsutils/awsutils.go:2195.5,2195.23 1 0
github.com/aws/amazon-vpc-cni-k8s/pkg/awsutils/awsutils.go:2195.23,2198.6 2 0
github.com/aws/amazon-vpc-cni-k8s/pkg/awsutils/awsutils.go:2201.5,2203.34 2 0
github.com/aws/amazon-vpc-cni-k8s/pkg/awsutils/awsutils.go:2203.34,2205.6 1 0
github.com/aws/amazon-vpc-cni-k8s/pkg/awsutils/awsutils.go:2206.5,2206.38 1 0
github.com/aws/amazon-vpc-cni-k8s/pkg/awsutils/awsutils.go:2209.3,2210.24 2 0
github.com/aws/amazon-vpc-cni-k8s/pkg/awsutils/awsutils.go:2213.2,2214.16 2 0
github.com/aws/amazon-vpc-cni-k8s/pkg/awsutils/awsutils.go:2214.16,2216.40 1 0
github.com/aws/amazon-vpc-cni-k8s/pkg/awsutils/awsutils.go:2216.40,2217.75 1 0
github.com/aws/amazon-vpc-cni-k8s/pkg/awsutils/awsutils.go:2217.75,2221.5 2 0
github.com/aws/amazon-vpc-cni-k8s/pkg/awsutils/awsutils.go:2221.10,2221.80 1 0
github.com/aws/amazon-vpc-cni-k8s/pkg/awsutils/awsutils.go:2221.80,2225.5 2 0
github.com/aws/amazon-vpc-cni-k8s/pkg/awsutils/awsutils.go:2227.3,2228.120 2 0
github.com/aws/amazon-vpc-cni-k8s/pkg/awsutils/awsutils.go:2230.2,2230.25 1 0
github.com/aws/amazon-vpc-cni-k8s/pkg/awsutils/awsutils.go:2234.114,2235.19 1 0
github.com/aws/amazon-vpc-cni-k8s/pkg/awsutils/awsutils.go:2235.19,2237.3 1 0
github.com/aws/amazon-vpc-cni-k8s/pkg/awsutils/awsutils.go:2238.2,2249.16 7 0
github.com/aws/amazon-vpc-cni-k8s/pkg/awsutils/awsutils.go:2249.16,2255.3 5 0
github.com/aws/amazon-vpc-cni-k8s/pkg/awsutils/awsutils.go:2256.2,2257.12 2 0
github.com/aws/amazon-vpc-cni-k8s/pkg/awsutils/awsutils.go:2261.123,2262.24 1 0
github.com/aws/amazon-vpc-cni-k8s/pkg/awsutils/awsutils.go:2262.24,2264.3 1 0
github.com/aws/amazon-vpc-cni-k8s/pkg/awsutils/awsutils.go:2265.2,2271.34 4 0
github.com/aws/amazon-vpc-cni-k8s/pkg/awsutils/awsutils.go:2271.34,2274.17 2 0
github.com/aws/amazon-vpc-cni-k8s/pkg/awsutils/awsutils.go:2274.17,2276.12 2 0
github.com/aws/amazon-vpc-cni-k8s/pkg/awsutils/awsutils.go:2279.3,2279.27 1 0
github.com/aws/amazon-vpc-cni-k8s/pkg/awsutils/awsutils.go:2279.27,2281.4 1 0
github.com/aws/amazon-vpc-cni-k8s/pkg/awsutils/awsutils.go:2281.9,2283.4 1 0
github.com/aws/amazon-vpc-cni-k8s/pkg/awsutils/awsutils.go:2287.2,2287.27 1 0
github.com/aws/amazon-vpc-cni-k8s/pkg/awsutils/awsutils.go:2287.27,2298.17 7 0
github.com/aws/amazon-vpc-cni-k8s/pkg/awsutils/awsutils.go:2298.17,2304.4 5 0
github.com/aws/amazon-vpc-cni-k8s/pkg/awsutils/awsutils.go:2305.3,2305.85 1 0
github.com/aws/amazon-vpc-cni-k8s/pkg/awsutils/awsutils.go:2309.2,2309.27 1 0
github.com/aws/amazon-vpc-cni-k8s/pkg/awsutils/awsutils.go:2309.27,2320.17 7 0
github.com/aws/amazon-vpc-cni-k8s/pkg/awsutils/awsutils.go:2320.17,2326.4 5 0
github.com/aws/amazon-vpc-cni-k8s/pkg/awsutils/awsutils.go:2327.3,2327.85 1 0
github.com/aws/amazon-vpc-cni-k8s/pkg/awsutils/awsutils.go:2330.2,2331.12 2 0
github.com/aws/amazon-vpc-cni-k8s/pkg/awsutils/awsutils.go:2334.79,2336.2 1 0
github.com/aws/amazon-vpc-cni-k8s/pkg/awsutils/awsutils.go:2338.115,2345.16 6 0
github.com/aws/amazon-vpc-cni-k8s/pkg/awsutils/awsutils.go:2345.16,2347.3 1 0
github.com/aws/amazon-vpc-cni-k8s/pkg/awsutils/awsutils.go:2347.8,2349.54 1 0
github.com/aws/amazon-vpc-cni-k8s/pkg/awsutils/awsutils.go:2349.54,2352.18 3 0
github.com/aws/amazon-vpc-cni-k8s/pkg/awsutils/awsutils.go:2352.18,2355.5 2 0
github.com/aws/amazon-vpc-cni-k8s/pkg/awsutils/awsutils.go:2355.10,2357.5 1 0
github.com/aws/amazon-vpc-cni-k8s/pkg/awsutils/awsutils.go:2362.121,2380.112 4 0
github.com/aws/amazon-vpc-cni-k8s/pkg/awsutils/awsutils.go:2380.112,2385.17 5 0
github.com/aws/amazon-vpc-cni-k8s/pkg/awsutils/awsutils.go:2385.17,2391.4 5 0
github.com/aws/amazon-vpc-cni-k8s/pkg/awsutils/awsutils.go:2392.3,2393.13 2 0
github.com/aws/amazon-vpc-cni-k8s/pkg/awsutils/awsutils.go:2399.112,2418.29 2 0
github.com/aws/amazon-vpc-cni-k8s/pkg/awsutils/awsutils.go:2418.29,2425.3 1 0
github.com/aws/amazon-vpc-cni-k8s/pkg/awsutils/awsutils.go:2427.2,2433.69 3 0
github.com/aws/amazon-vpc-cni-k8s/pkg/awsutils/awsutils.go:2433.69,2435.91 1 0
github.com/aws/amazon-vpc-cni-k8s/pkg/awsutils/awsutils.go:2435.91,2437.4 1 0
github.com/aws/amazon-vpc-cni-k8s/pkg/awsutils/awsutils.go:2439.3,2441.48 2 0
github.com/aws/amazon-vpc-cni-k8s/pkg/awsutils/awsutils.go:2441.48,2443.18 2 0
github.com/aws/amazon-vpc-cni-k8s/pkg/awsutils/awsutils.go:2443.18,2446.5 2 0
github.com/aws/amazon-vpc-cni-k8s/pkg/awsutils/awsutils.go:2447.4,2447.54 1 0
github.com/aws/amazon-vpc-cni-k8s/pkg/awsutils/awsutils.go:2447.54,2450.5 2 0
github.com/aws/amazon-vpc-cni-k8s/pkg/awsutils/awsutils.go:2451.4,2451.27 1 0
github.com/aws/amazon-vpc-cni-k8s/pkg/awsutils/awsutils.go:2452.9,2458.4 2 0
github.com/aws/amazon-vpc-cni-k8s/pkg/awsutils/awsutils.go:2459.3,2460.13 2 0
github.com/aws/amazon-vpc-cni-k8s/pkg/awsutils/awsutils.go:2463.2,2464.16 2 0
github.com/aws/amazon-vpc-cni-k8s/pkg/awsutils/awsutils.go:2464.16,2466.3 1 0
github.com/aws/amazon-vpc-cni-k8s/pkg/awsutils/awsutils.go:2468.2,2468.32 1 0
github.com/aws/amazon-vpc-cni-k8s/pkg/awsutils/awsutils.go:2468.32,2471.3 2 0
github.com/aws/amazon-vpc-cni-k8s/pkg/awsutils/awsutils.go:2473.2,2474.31 2 0
github.com/aws/amazon-vpc-cni-k8s/pkg/awsutils/awsutils.go:2478.76,2482.16 3 0
github.com/aws/amazon-vpc-cni-k8s/pkg/awsutils/awsutils.go:2482.16,2485.3 2 0
github.com/aws/amazon-vpc-cni-k8s/pkg/awsutils/awsutils.go:2488.2,2489.31 2 0
github.com/aws/amazon-vpc-cni-k8s/pkg/awsutils/awsutils.go:2489.31,2491.3 1 0
github.com/aws/amazon-vpc-cni-k8s/pkg/awsutils/awsutils.go:2493.2,2493.20 1 0
github.com/aws/amazon-vpc-cni-k8s/pkg/awsutils/awsutils.go:2497.62,2499.2 1 0
github.com/aws/amazon-vpc-cni-k8s/pkg/awsutils/awsutils.go:2502.62,2506.16 3 0
github.com/aws/amazon-vpc-cni-k8s/pkg/awsutils/awsutils.go:2506.16,2508.3 1 0
github.com/aws/amazon-vpc-cni-k8s/pkg/awsutils/awsutils.go:2510.2,2510.18 1 0
github.com/aws/amazon-vpc-cni-k8s/pkg/awsutils/awsutils.go:2514.76,2518.16 3 0
github.com/aws/amazon-vpc-cni-k8s/pkg/awsutils/awsutils.go:2518.16,2521.3 2 0
github.com/aws/amazon-vpc-cni-k8s/pkg/awsutils/awsutils.go:2523.2,2524.31 2 0
github.com/aws/amazon-vpc-cni-k8s/pkg/awsutils/awsutils.go:2524.31,2526.3 1 0
github.com/aws/amazon-vpc-cni-k8s/pkg/awsutils/awsutils.go:2528.2,2528.20 1 0
github.com/aws/amazon-vpc-cni-k8s/pkg/awsutils/awsutils.go:2532.63,2534.2 1 0
github.com/aws/amazon-vpc-cni-k8s/pkg/awsutils/awsutils.go:2537.66,2539.2 1 0
github.com/aws/amazon-vpc-cni-k8s/pkg/awsutils/awsutils.go:2542.74,2544.2 1 0
github.com/aws/amazon-vpc-cni-k8s/pkg/awsutils/awsutils.go:2547.90,2549.2 1 0
github.com/aws/amazon-vpc-cni-k8s/pkg/awsutils/awsutils.go:2552.89,2554.2 1 0
github.com/aws/amazon-vpc-cni-k8s/pkg/awsutils/awsutils.go:2557.63,2559.2 1 0
github.com/aws/amazon-vpc-cni-k8s/pkg/awsutils/awsutils.go:2562.74,2563.21 1 0
github.com/aws/amazon-vpc-cni-k8s/pkg/awsutils/awsutils.go:2563.21,2565.3 1 0
github.com/aws/amazon-vpc-cni-k8s/pkg/awsutils/awsutils.go:2566.2,2566.14 1 0
github.com/aws/amazon-vpc-cni-k8s/pkg/awsutils/awsutils.go:2570.82,2572.2 1 0
github.com/aws/amazon-vpc-cni-k8s/pkg/awsutils/awsutils.go:2575.94,2577.2 1 0
github.com/aws/amazon-vpc-cni-k8s/pkg/awsutils/awsutils.go:2579.200,2581.31 2 0
github.com/aws/amazon-vpc-cni-k8s/pkg/awsutils/awsutils.go:2581.31,2583.17 2 0
github.com/aws/amazon-vpc-cni-k8s/pkg/awsutils/awsutils.go:2583.17,2588.4 4 0
github.com/aws/amazon-vpc-cni-k8s/pkg/awsutils/awsutils.go:2589.3,2589.46 1 0
github.com/aws/amazon-vpc-cni-k8s/pkg/awsutils/awsutils.go:2589.46,2590.40 1 0
github.com/aws/amazon-vpc-cni-k8s/pkg/awsutils/awsutils.go:2590.40,2592.5 1 0
github.com/aws/amazon-vpc-cni-k8s/pkg/awsutils/awsutils.go:2595.2,2596.12 2 0
github.com/aws/amazon-vpc-cni-k8s/pkg/awsutils/awsutils.go:2600.72,2601.55 1 0
github.com/aws/amazon-vpc-cni-k8s/pkg/awsutils/awsutils.go:2601.55,2603.3 1 0
github.com/aws/amazon-vpc-cni-k8s/pkg/awsutils/awsutils.go:2604.2,2604.14 1 0
github.com/aws/amazon-vpc-cni-k8s/pkg/awsutils/awsutils.go:2607.60,2609.34 2 1
github.com/aws/amazon-vpc-cni-k8s/pkg/awsutils/awsutils.go:2609.34,2610.57 1 0
github.com/aws/amazon-vpc-cni-k8s/pkg/awsutils/awsutils.go:2610.57,2611.66 1 0
github.com/aws/amazon-vpc-cni-k8s/pkg/awsutils/awsutils.go:2611.66,2614.5 1 0
github.com/aws/amazon-vpc-cni-k8s/pkg/awsutils/awsutils.go:2620.131,2623.16 2 1
github.com/aws/amazon-vpc-cni-k8s/pkg/awsutils/awsutils.go:2623.16,2625.3 1 1
github.com/aws/amazon-vpc-cni-k8s/pkg/awsutils/awsutils.go:2628.2,2628.33 1 1
github.com/aws/amazon-vpc-cni-k8s/pkg/awsutils/awsutils.go:2628.33,2629.35 1 1
github.com/aws/amazon-vpc-cni-k8s/pkg/awsutils/awsutils.go:2629.35,2630.55 1 1
github.com/aws/amazon-vpc-cni-k8s/pkg/awsutils/awsutils.go:2630.55,2633.5 2 1
github.com/aws/amazon-vpc-cni-k8s/pkg/awsutils/awsutils.go:2635.4,2635.36 1 1
github.com/aws/amazon-vpc-cni-k8s/pkg/awsutils/awsutils.go:2635.36,2636.45 1 1
github.com/aws/amazon-vpc-cni-k8s/pkg/awsutils/awsutils.go:2636.45,2641.6 4 1
github.com/aws/amazon-vpc-cni-k8s/pkg/awsutils/awsutils.go:2645.4,2646.21 2 1
github.com/aws/amazon-vpc-cni-k8s/pkg/awsutils/awsutils.go:2651.2,2652.66 2 1
github.com/aws/amazon-vpc-cni-k8s/pkg/awsutils/imds.go:52.74,59.2 1 0
github.com/aws/amazon-vpc-cni-k8s/pkg/awsutils/imds.go:61.43,63.2 1 0
github.com/aws/amazon-vpc-cni-k8s/pkg/awsutils/imds.go:65.43,67.2 1 0
github.com/aws/amazon-vpc-cni-k8s/pkg/awsutils/imds.go:71.47,74.31 2 0
github.com/aws/amazon-vpc-cni-k8s/pkg/awsutils/imds.go:74.31,76.3 1 0
github.com/aws/amazon-vpc-cni-k8s/pkg/awsutils/imds.go:77.2,77.15 1 0
github.com/aws/amazon-vpc-cni-k8s/pkg/awsutils/imds.go:80.50,82.2 1 0
github.com/aws/amazon-vpc-cni-k8s/pkg/awsutils/imds.go:84.59,87.31 2 0
github.com/aws/amazon-vpc-cni-k8s/pkg/awsutils/imds.go:87.31,89.3 1 0
github.com/aws/amazon-vpc-cni-k8s/pkg/awsutils/imds.go:90.2,90.16 1 0
github.com/aws/amazon-vpc-cni-k8s/pkg/awsutils/imds.go:93.49,94.63 1 0
github.com/aws/amazon-vpc-cni-k8s/pkg/awsutils/imds.go:94.63,96.3 1 0
github.com/aws/amazon-vpc-cni-k8s/pkg/awsutils/imds.go:97.2,97.12 1 0
github.com/aws/amazon-vpc-cni-k8s/pkg/awsutils/imds.go:100.47,101.61 1 0
github.com/aws/amazon-vpc-cni-k8s/pkg/awsutils/imds.go:101.61,103.3 1 0
github.com/aws/amazon-vpc-cni-k8s/pkg/awsutils/imds.go:104.2,104.11 1 0
github.com/aws/amazon-vpc-cni-k8s/pkg/awsutils/imds.go:107.87,111.16 2 0
github.com/aws/amazon-vpc-cni-k8s/pkg/awsutils/imds.go:111.16,113.3 1 0
github.com/aws/amazon-vpc-cni-k8s/pkg/awsutils/imds.go:114.2,114.44 1 0
github.com/aws/amazon-vpc-cni-k8s/pkg/awsutils/imds.go:114.44,116.3 1 0
github.com/aws/amazon-vpc-cni-k8s/pkg/awsutils/imds.go:118.2,120.16 3 0
github.com/aws/amazon-vpc-cni-k8s/pkg/awsutils/imds.go:120.16,122.3 1 0
github.com/aws/amazon-vpc-cni-k8s/pkg/awsutils/imds.go:124.2,124.43 1 0
github.com/aws/amazon-vpc-cni-k8s/pkg/awsutils/imds.go:128.71,131.16 2 0
github.com/aws/amazon-vpc-cni-k8s/pkg/awsutils/imds.go:131.16,133.3 1 0
github.com/aws/amazon-vpc-cni-k8s/pkg/awsutils/imds.go:134.2,134.44 1 0
github.com/aws/amazon-vpc-cni-k8s/pkg/awsutils/imds.go:134.44,136.3 1 0
github.com/aws/amazon-vpc-cni-k8s/pkg/awsutils/imds.go:138.2,140.16 3 0
github.com/aws/amazon-vpc-cni-k8s/pkg/awsutils/imds.go:140.16,142.3 1 0
github.com/aws/amazon-vpc-cni-k8s/pkg/awsutils/imds.go:143.2,143.46 1 0
github.com/aws/amazon-vpc-cni-k8s/pkg/awsutils/imds.go:147.81,150.16 2 0
github.com/aws/amazon-vpc-cni-k8s/pkg/awsutils/imds.go:150.16,152.3 1 0
github.com/aws/amazon-vpc-cni-k8s/pkg/awsutils/imds.go:154.2,154.44 1 0
github.com/aws/amazon-vpc-cni-k8s/pkg/awsutils/imds.go:154.44,156.3 1 0
github.com/aws/amazon-vpc-cni-k8s/pkg/awsutils/imds.go:158.2,160.16 3 0
github.com/aws/amazon-vpc-cni-k8s/pkg/awsutils/imds.go:160.16,162.3 1 0
github.com/aws/amazon-vpc-cni-k8s/pkg/awsutils/imds.go:163.2,163.46 1 0
github.com/aws/amazon-vpc-cni-k8s/pkg/awsutils/imds.go:167.78,169.2 1 0
github.com/aws/amazon-vpc-cni-k8s/pkg/awsutils/imds.go:172.79,175.16 2 0
github.com/aws/amazon-vpc-cni-k8s/pkg/awsutils/imds.go:175.16,177.3 1 0
github.com/aws/amazon-vpc-cni-k8s/pkg/awsutils/imds.go:179.2,179.44 1 0
github.com/aws/amazon-vpc-cni-k8s/pkg/awsutils/imds.go:179.44,181.3 1 0
github.com/aws/amazon-vpc-cni-k8s/pkg/awsutils/imds.go:183.2,185.16 3 0
github.com/aws/amazon-vpc-cni-k8s/pkg/awsutils/imds.go:185.16,187.3 1 0
github.com/aws/amazon-vpc-cni-k8s/pkg/awsutils/imds.go:188.2,188.46 1 0
github.com/aws/amazon-vpc-cni-k8s/pkg/awsutils/imds.go:192.72,195.16 2 0
github.com/aws/amazon-vpc-cni-k8s/pkg/awsutils/imds.go:195.16,197.3 1 0
github.com/aws/amazon-vpc-cni-k8s/pkg/awsutils/imds.go:198.2,198.44 1 0
github.com/aws/amazon-vpc-cni-k8s/pkg/awsutils/imds.go:198.44,200.3 1 0
github.com/aws/amazon-vpc-cni-k8s/pkg/awsutils/imds.go:202.2,204.16 3 0
github.com/aws/amazon-vpc-cni-k8s/pkg/awsutils/imds.go:204.16,206.3 1 0
github.com/aws/amazon-vpc-cni-k8s/pkg/awsutils/imds.go:207.2,207.27 1 0
github.com/aws/amazon-vpc-cni-k8s/pkg/awsutils/imds.go:211.75,213.16 2 0
github.com/aws/amazon-vpc-cni-k8s/pkg/awsutils/imds.go:213.16,216.54 3 0
github.com/aws/amazon-vpc-cni-k8s/pkg/awsutils/imds.go:216.54,219.4 2 0
github.com/aws/amazon-vpc-cni-k8s/pkg/awsutils/imds.go:220.3,220.18 1 0
github.com/aws/amazon-vpc-cni-k8s/pkg/awsutils/imds.go:223.2,223.28 1 0
github.com/aws/amazon-vpc-cni-k8s/pkg/awsutils/imds.go:223.28,225.3 1 0
github.com/aws/amazon-vpc-cni-k8s/pkg/awsutils/imds.go:226.2,226.18 1 0
github.com/aws/amazon-vpc-cni-k8s/pkg/awsutils/imds.go:230.96,233.16 3 0
github.com/aws/amazon-vpc-cni-k8s/pkg/awsutils/imds.go:233.16,236.54 3 0
github.com/aws/amazon-vpc-cni-k8s/pkg/awsutils/imds.go:236.54,239.4 2 0
github.com/aws/amazon-vpc-cni-k8s/pkg/awsutils/imds.go:240.3,240.18 1 0
github.com/aws/amazon-vpc-cni-k8s/pkg/awsutils/imds.go:243.2,243.28 1 0
github.com/aws/amazon-vpc-cni-k8s/pkg/awsutils/imds.go:243.28,245.3 1 0
github.com/aws/amazon-vpc-cni-k8s/pkg/awsutils/imds.go:246.2,246.18 1 0
github.com/aws/amazon-vpc-cni-k8s/pkg/awsutils/imds.go:250.92,254.16 3 0
github.com/aws/amazon-vpc-cni-k8s/pkg/awsutils/imds.go:254.16,256.3 1 0
github.com/aws/amazon-vpc-cni-k8s/pkg/awsutils/imds.go:257.2,257.44 1 0
github.com/aws/amazon-vpc-cni-k8s/pkg/awsutils/imds.go:257.44,259.3 1 0
github.com/aws/amazon-vpc-cni-k8s/pkg/awsutils/imds.go:261.2,263.16 3 0
github.com/aws/amazon-vpc-cni-k8s/pkg/awsutils/imds.go:263.16,265.3 1 0
github.com/aws/amazon-vpc-cni-k8s/pkg/awsutils/imds.go:266.2,266.27 1 0
github.com/aws/amazon-vpc-cni-k8s/pkg/awsutils/imds.go:269.81,272.16 2 0
github.com/aws/amazon-vpc-cni-k8s/pkg/awsutils/imds.go:272.16,274.3 1 0
github.com/aws/amazon-vpc-cni-k8s/pkg/awsutils/imds.go:275.2,275.44 1 0
github.com/aws/amazon-vpc-cni-k8s/pkg/awsutils/imds.go:275.44,277.3 1 0
github.com/aws/amazon-vpc-cni-k8s/pkg/awsutils/imds.go:279.2,281.16 3 0
github.com/aws/amazon-vpc-cni-k8s/pkg/awsutils/imds.go:281.16,283.3 1 0
github.com/aws/amazon-vpc-cni-k8s/pkg/awsutils/imds.go:284.2,285.16 2 0
github.com/aws/amazon-vpc-cni-k8s/pkg/awsutils/imds.go:285.16,287.3 1 0
github.com/aws/amazon-vpc-cni-k8s/pkg/awsutils/imds.go:288.2,288.21 1 0
github.com/aws/amazon-vpc-cni-k8s/pkg/awsutils/imds.go:292.90,295.2 2 0
github.com/aws/amazon-vpc-cni-k8s/pkg/awsutils/imds.go:298.89,306.44 4 0
github.com/aws/amazon-vpc-cni-k8s/pkg/awsutils/imds.go:306.44,309.21 3 0
github.com/aws/amazon-vpc-cni-k8s/pkg/awsutils/imds.go:309.21,311.4 1 0
github.com/aws/amazon-vpc-cni-k8s/pkg/awsutils/imds.go:315.2,315.16 1 0
github.com/aws/amazon-vpc-cni-k8s/pkg/awsutils/imds.go:315.16,318.54 3 0
github.com/aws/amazon-vpc-cni-k8s/pkg/awsutils/imds.go:318.54,321.4 2 0
github.com/aws/amazon-vpc-cni-k8s/pkg/awsutils/imds.go:322.3,322.17 1 0
github.com/aws/amazon-vpc-cni-k8s/pkg/awsutils/imds.go:325.2,325.22 1 0
github.com/aws/amazon-vpc-cni-k8s/pkg/awsutils/imds.go:328.86,336.44 4 0
github.com/aws/amazon-vpc-cni-k8s/pkg/awsutils/imds.go:336.44,339.21 3 0
github.com/aws/amazon-vpc-cni-k8s/pkg/awsutils/imds.go:339.21,341.4 1 0
github.com/aws/amazon-vpc-cni-k8s/pkg/awsutils/imds.go:345.2,345.16 1 0
github.com/aws/amazon-vpc-cni-k8s/pkg/awsutils/imds.go:345.16,348.54 3 0
github.com/aws/amazon-vpc-cni-k8s/pkg/awsutils/imds.go:348.54,351.4 2 0
github.com/aws/amazon-vpc-cni-k8s/pkg/awsutils/imds.go:352.3,352.17 1 0
github.com/aws/amazon-vpc-cni-k8s/pkg/awsutils/imds.go:355.2,355.19 1 0
github.com/aws/amazon-vpc-cni-k8s/pkg/awsutils/imds.go:359.99,362.16 3 0
github.com/aws/amazon-vpc-cni-k8s/pkg/awsutils/imds.go:362.16,365.54 3 0
github.com/aws/amazon-vpc-cni-k8s/pkg/awsutils/imds.go:365.54,368.4 2 0
github.com/aws/amazon-vpc-cni-k8s/pkg/awsutils/imds.go:369.3,369.18 1 0
github.com/aws/amazon-vpc-cni-k8s/pkg/awsutils/imds.go:371.2,371.17 1 0
github.com/aws/amazon-vpc-cni-k8s/pkg/awsutils/imds.go:374.83,377.16 2 0
github.com/aws/amazon-vpc-cni-k8s/pkg/awsutils/imds.go:377.16,379.3 1 0
github.com/aws/amazon-vpc-cni-k8s/pkg/awsutils/imds.go:380.2,380.44 1 0
github.com/aws/amazon-vpc-cni-k8s/pkg/awsutils/imds.go:380.44,382.3 1 0
github.com/aws/amazon-vpc-cni-k8s/pkg/awsutils/imds.go:384.2,386.16 3 0
github.com/aws/amazon-vpc-cni-k8s/pkg/awsutils/imds.go:386.16,388.3 1 0
github.com/aws/amazon-vpc-cni-k8s/pkg/awsutils/imds.go:389.2,390.15 2 0
github.com/aws/amazon-vpc-cni-k8s/pkg/awsutils/imds.go:390.15,392.3 1 0
github.com/aws/amazon-vpc-cni-k8s/pkg/awsutils/imds.go:393.2,393.16 1 0
github.com/aws/amazon-vpc-cni-k8s/pkg/awsutils/imds.go:396.86,398.16 2 0
github.com/aws/amazon-vpc-cni-k8s/pkg/awsutils/imds.go:398.16,400.3 1 0
github.com/aws/amazon-vpc-cni-k8s/pkg/awsutils/imds.go:402.2,403.28 2 0
github.com/aws/amazon-vpc-cni-k8s/pkg/awsutils/imds.go:403.28,405.16 2 0
github.com/aws/amazon-vpc-cni-k8s/pkg/awsutils/imds.go:405.16,408.4 2 0
github.com/aws/amazon-vpc-cni-k8s/pkg/awsutils/imds.go:409.3,409.14 1 0
github.com/aws/amazon-vpc-cni-k8s/pkg/awsutils/imds.go:411.2,411.17 1 0
github.com/aws/amazon-vpc-cni-k8s/pkg/awsutils/imds.go:414.89,417.16 2 0
github.com/aws/amazon-vpc-cni-k8s/pkg/awsutils/imds.go:417.16,420.54 3 0
github.com/aws/amazon-vpc-cni-k8s/pkg/awsutils/imds.go:420.54,421.23 1 0
github.com/aws/amazon-vpc-cni-k8s/pkg/awsutils/imds.go:421.23,424.5 1 0
github.com/aws/amazon-vpc-cni-k8s/pkg/awsutils/imds.go:425.4,426.53 2 0
github.com/aws/amazon-vpc-cni-k8s/pkg/awsutils/imds.go:428.3,428.18 1 0
github.com/aws/amazon-vpc-cni-k8s/pkg/awsutils/imds.go:430.2,430.44 1 0
github.com/aws/amazon-vpc-cni-k8s/pkg/awsutils/imds.go:430.44,432.3 1 0
github.com/aws/amazon-vpc-cni-k8s/pkg/awsutils/imds.go:434.2,436.16 3 0
github.com/aws/amazon-vpc-cni-k8s/pkg/awsutils/imds.go:436.16,438.3 1 0
github.com/aws/amazon-vpc-cni-k8s/pkg/awsutils/imds.go:440.2,442.16 3 0
github.com/aws/amazon-vpc-cni-k8s/pkg/awsutils/imds.go:442.16,444.3 1 0
github.com/aws/amazon-vpc-cni-k8s/pkg/awsutils/imds.go:446.2,447.18 2 0
github.com/aws/amazon-vpc-cni-k8s/pkg/awsutils/imds.go:450.91,452.16 2 0
github.com/aws/amazon-vpc-cni-k8s/pkg/awsutils/imds.go:452.16,454.3 1 0
github.com/aws/amazon-vpc-cni-k8s/pkg/awsutils/imds.go:456.2,457.28 2 0
github.com/aws/amazon-vpc-cni-k8s/pkg/awsutils/imds.go:457.28,459.17 2 0
github.com/aws/amazon-vpc-cni-k8s/pkg/awsutils/imds.go:459.17,461.4 1 0
github.com/aws/amazon-vpc-cni-k8s/pkg/awsutils/imds.go:463.3,463.51 1 0
github.com/aws/amazon-vpc-cni-k8s/pkg/awsutils/imds.go:465.2,465.19 1 0
github.com/aws/amazon-vpc-cni-k8s/pkg/awsutils/imds.go:469.93,472.16 3 0
github.com/aws/amazon-vpc-cni-k8s/pkg/awsutils/imds.go:472.16,475.54 3 0
github.com/aws/amazon-vpc-cni-k8s/pkg/awsutils/imds.go:475.54,476.23 1 0
github.com/aws/amazon-vpc-cni-k8s/pkg/awsutils/imds.go:476.23,479.5 1 0
github.com/aws/amazon-vpc-cni-k8s/pkg/awsutils/imds.go:480.4,481.53 2 0
github.com/aws/amazon-vpc-cni-k8s/pkg/awsutils/imds.go:483.3,483.18 1 0
github.com/aws/amazon-vpc-cni-k8s/pkg/awsutils/imds.go:485.2,485.17 1 0
github.com/aws/amazon-vpc-cni-k8s/pkg/awsutils/imds.go:489.93,492.16 3 0
github.com/aws/amazon-vpc-cni-k8s/pkg/awsutils/imds.go:492.16,495.54 3 0
github.com/aws/amazon-vpc-cni-k8s/pkg/awsutils/imds.go:495.54,496.23 1 0
github.com/aws/amazon-vpc-cni-k8s/pkg/awsutils/imds.go:496.23,499.5 1 0
github.com/aws/amazon-vpc-cni-k8s/pkg/awsutils/imds.go:500.4,501.53 2 0
github.com/aws/amazon-vpc-cni-k8s/pkg/awsutils/imds.go:503.3,503.18 1 0
github.com/aws/amazon-vpc-cni-k8s/pkg/awsutils/imds.go:505.2,505.17 1 0
github.com/aws/amazon-vpc-cni-k8s/pkg/awsutils/imds.go:509.98,513.16 3 0
github.com/aws/amazon-vpc-cni-k8s/pkg/awsutils/imds.go:513.16,516.54 3 0
github.com/aws/amazon-vpc-cni-k8s/pkg/awsutils/imds.go:516.54,517.23 1 0
github.com/aws/amazon-vpc-cni-k8s/pkg/awsutils/imds.go:517.23,519.5 1 0
github.com/aws/amazon-vpc-cni-k8s/pkg/awsutils/imds.go:520.4,521.53 2 0
github.com/aws/amazon-vpc-cni-k8s/pkg/awsutils/imds.go:523.3,523.18 1 0
github.com/aws/amazon-vpc-cni-k8s/pkg/awsutils/imds.go:525.2,525.22 1 0
github.com/aws/amazon-vpc-cni-k8s/pkg/awsutils/imds.go:529.98,532.16 3 0
github.com/aws/amazon-vpc-cni-k8s/pkg/awsutils/imds.go:532.16,535.54 3 0
github.com/aws/amazon-vpc-cni-k8s/pkg/awsutils/imds.go:535.54,536.23 1 0
github.com/aws/amazon-vpc-cni-k8s/pkg/awsutils/imds.go:536.23,538.5 1 0
github.com/aws/amazon-vpc-cni-k8s/pkg/awsutils/imds.go:539.4,540.53 2 0
github.com/aws/amazon-vpc-cni-k8s/pkg/awsutils/imds.go:542.3,542.18 1 0
github.com/aws/amazon-vpc-cni-k8s/pkg/awsutils/imds.go:544.2,544.22 1 0
github.com/aws/amazon-vpc-cni-k8s/pkg/awsutils/imds.go:548.78,550.16 2 0
github.com/aws/amazon-vpc-cni-k8s/pkg/awsutils/imds.go:550.16,553.54 3 0
github.com/aws/amazon-vpc-cni-k8s/pkg/awsutils/imds.go:553.54,554.23 1 0
github.com/aws/amazon-vpc-cni-k8s/pkg/awsutils/imds.go:554.23,557.5 1 0
github.com/aws/amazon-vpc-cni-k8s/pkg/awsutils/imds.go:558.4,559.53 2 0
github.com/aws/amazon-vpc-cni-k8s/pkg/awsutils/imds.go:561.3,561.18 1 0
github.com/aws/amazon-vpc-cni-k8s/pkg/awsutils/imds.go:563.2,563.17 1 0
github.com/aws/amazon-vpc-cni-k8s/pkg/awsutils/imds.go:567.88,570.16 3 0
github.com/aws/amazon-vpc-cni-k8s/pkg/awsutils/imds.go:570.16,573.54 3 0
github.com/aws/amazon-vpc-cni-k8s/pkg/awsutils/imds.go:573.54,574.23 1 0
github.com/aws/amazon-vpc-cni-k8s/pkg/awsutils/imds.go:574.23,577.5 1 0
github.com/aws/amazon-vpc-cni-k8s/pkg/awsutils/imds.go:578.4,579.53 2 0
github.com/aws/amazon-vpc-cni-k8s/pkg/awsutils/imds.go:581.3,581.18 1 0
github.com/aws/amazon-vpc-cni-k8s/pkg/awsutils/imds.go:583.2,583.17 1 0
github.com/aws/amazon-vpc-cni-k8s/pkg/awsutils/imds.go:587.104,590.2 2 0
github.com/aws/amazon-vpc-cni-k8s/pkg/awsutils/imds.go:593.103,596.16 3 0
github.com/aws/amazon-vpc-cni-k8s/pkg/awsutils/imds.go:596.16,599.54 3 0
github.com/aws/amazon-vpc-cni-k8s/pkg/awsutils/imds.go:599.54,602.4 2 0
github.com/aws/amazon-vpc-cni-k8s/pkg/awsutils/imds.go:603.3,603.18 1 0
github.com/aws/amazon-vpc-cni-k8s/pkg/awsutils/imds.go:605.2,605.19 1 0
github.com/aws/amazon-vpc-cni-k8s/pkg/awsutils/imds.go:609.103,612.16 3 0
github.com/aws/amazon-vpc-cni-k8s/pkg/awsutils/imds.go:612.16,615.54 3 0
github.com/aws/amazon-vpc-cni-k8s/pkg/awsutils/imds.go:615.54,616.23 1 0
github.com/aws/amazon-vpc-cni-k8s/pkg/awsutils/imds.go:616.23,619.5 1 0
github.com/aws/amazon-vpc-cni-k8s/pkg/awsutils/imds.go:620.4,621.53 2 0
github.com/aws/amazon-vpc-cni-k8s/pkg/awsutils/imds.go:623.3,623.18 1 0
github.com/aws/amazon-vpc-cni-k8s/pkg/awsutils/imds.go:625.2,625.20 1 0
github.com/aws/amazon-vpc-cni-k8s/pkg/awsutils/imds.go:629.105,632.2 2 0
github.com/aws/amazon-vpc-cni-k8s/pkg/awsutils/imds.go:635.89,638.16 3 0
github.com/aws/amazon-vpc-cni-k8s/pkg/awsutils/imds.go:638.16,641.54 3 0
github.com/aws/amazon-vpc-cni-k8s/pkg/awsutils/imds.go:641.54,642.23 1 0
github.com/aws/amazon-vpc-cni-k8s/pkg/awsutils/imds.go:642.23,645.5 1 0
github.com/aws/amazon-vpc-cni-k8s/pkg/awsutils/imds.go:646.4,647.52 2 0
github.com/aws/amazon-vpc-cni-k8s/pkg/awsutils/imds.go:650.2,650.25 1 0
github.com/aws/amazon-vpc-cni-k8s/pkg/awsutils/imds.go:655.33,656.16 1 0
github.com/aws/amazon-vpc-cni-k8s/pkg/awsutils/imds.go:656.16,658.3 1 0
github.com/aws/amazon-vpc-cni-k8s/pkg/awsutils/imds.go:661.2,662.25 2 0
github.com/aws/amazon-vpc-cni-k8s/pkg/awsutils/imds.go:662.25,664.3 1 0
github.com/aws/amazon-vpc-cni-k8s/pkg/awsutils/imds.go:666.2,667.25 2 0
github.com/aws/amazon-vpc-cni-k8s/pkg/awsutils/imds.go:667.25,670.3 1 0
github.com/aws/amazon-vpc-cni-k8s/pkg/awsutils/imds.go:673.2,674.25 2 0
github.com/aws/amazon-vpc-cni-k8s/pkg/awsutils/imds.go:674.25,676.48 1 0
github.com/aws/amazon-vpc-cni-k8s/pkg/awsutils/imds.go:676.48,678.4 1 0
github.com/aws/amazon-vpc-cni-k8s/pkg/awsutils/imds.go:680.3,680.38 1 0
github.com/aws/amazon-vpc-cni-k8s/pkg/awsutils/imds.go:683.2,683.14 1 0
github.com/aws/amazon-vpc-cni-k8s/pkg/awsutils/imds.go:689.147,691.9 2 0
github.com/aws/amazon-vpc-cni-k8s/pkg/awsutils/imds.go:691.9,693.3 1 0
github.com/aws/amazon-vpc-cni-k8s/pkg/awsutils/imds.go:694.2,694.9 1 0
github.com/aws/amazon-vpc-cni-k8s/pkg/awsutils/imds.go:694.9,703.3 2 0
github.com/aws/amazon-vpc-cni-k8s/pkg/awsutils/imds.go:704.2,704.28 1 0
github.com/aws/amazon-vpc-cni-k8s/pkg/awsutils/imds.go:705.14,708.9 1 0
github.com/aws/amazon-vpc-cni-k8s/pkg/awsutils/imds.go:709.13,710.16 1 0
github.com/aws/amazon-vpc-cni-k8s/pkg/awsutils/imds.go:711.10,712.88 1 0
github.com/aws/amazon-vpc-cni-k8s/pkg/awsutils/imds.go:725.47,727.2 1 0
github.com/aws/amazon-vpc-cni-k8s/pkg/awsutils/imds.go:729.51,731.2 1 0
github.com/aws/amazon-vpc-cni-k8s/pkg/awsutils/imds.go:733.54,735.2 1 0
github.com/aws/amazon-vpc-cni-k8s/pkg/awsutils/imds.go:737.63,739.2 1 0
github.com/aws/amazon-vpc-cni-k8s/pkg/awsutils/imds.go:741.53,743.2 1 0
github.com/aws/amazon-vpc-cni-k8s/pkg/awsutils/imds.go:745.51,747.2 1 0
github.com/aws/amazon-vpc-cni-k8s/pkg/awsutils/imds.go:750.89,752.9 2 0
github.com/aws/amazon-vpc-cni-k8s/pkg/awsutils/imds.go:752.9,754.3 1 0
github.com/aws/amazon-vpc-cni-k8s/pkg/awsutils/imds.go:755.2,755.9 1 0
github.com/aws/amazon-vpc-cni-k8s/pkg/awsutils/imds.go:755.9,764.3 2 0
github.com/aws/amazon-vpc-cni-k8s/pkg/awsutils/imds.go:765.2,765.28 1 0
github.com/aws/amazon-vpc-cni-k8s/pkg/awsutils/imds.go:766.14,767.16 1 0
github.com/aws/amazon-vpc-cni-k8s/pkg/awsutils/imds.go:768.13,769.15 1 0
github.com/aws/amazon-vpc-cni-k8s/pkg/awsutils/imds.go:770.10,771.78 1 0
